        -:    0:Source:D:/Apps Setup/mingw64/lib/gcc/x86_64-w64-mingw32/8.1.0/include/c++/bits/basic_string.h
        -:    0:Graph:D:\Moveable-Personal\CS Work\College\Facultate\Sem II\OOP\Laboratories\a5-6-iuliagroza\cmake-build-debug-coverage\CMakeFiles\a5_6_iuliagroza.dir\controller\Controller.cpp.gcno
        -:    0:Data:D:\Moveable-Personal\CS Work\College\Facultate\Sem II\OOP\Laboratories\a5-6-iuliagroza\cmake-build-debug-coverage\CMakeFiles\a5_6_iuliagroza.dir\controller\Controller.cpp.gcda
        -:    0:Runs:1
        -:    0:Programs:1
        -:    1:// Components for manipulating sequences of characters -*- C++ -*-
        -:    2:
        -:    3:// Copyright (C) 1997-2018 Free Software Foundation, Inc.
        -:    4://
        -:    5:// This file is part of the GNU ISO C++ Library.  This library is free
        -:    6:// software; you can redistribute it and/or modify it under the
        -:    7:// terms of the GNU General Public License as published by the
        -:    8:// Free Software Foundation; either version 3, or (at your option)
        -:    9:// any later version.
        -:   10:
        -:   11:// This library is distributed in the hope that it will be useful,
        -:   12:// but WITHOUT ANY WARRANTY; without even the implied warranty of
        -:   13:// MERCHANTABILITY or FITNESS FOR A PARTICULAR PURPOSE.  See the
        -:   14:// GNU General Public License for more details.
        -:   15:
        -:   16:// Under Section 7 of GPL version 3, you are granted additional
        -:   17:// permissions described in the GCC Runtime Library Exception, version
        -:   18:// 3.1, as published by the Free Software Foundation.
        -:   19:
        -:   20:// You should have received a copy of the GNU General Public License and
        -:   21:// a copy of the GCC Runtime Library Exception along with this program;
        -:   22:// see the files COPYING3 and COPYING.RUNTIME respectively.  If not, see
        -:   23:// <http://www.gnu.org/licenses/>.
        -:   24:
        -:   25:/** @file bits/basic_string.h
        -:   26: *  This is an internal header file, included by other library headers.
        -:   27: *  Do not attempt to use it directly. @headername{string}
        -:   28: */
        -:   29:
        -:   30://
        -:   31:// ISO C++ 14882: 21 Strings library
        -:   32://
        -:   33:
        -:   34:#ifndef _BASIC_STRING_H
        -:   35:#define _BASIC_STRING_H 1
        -:   36:
        -:   37:#pragma GCC system_header
        -:   38:
        -:   39:#include <ext/atomicity.h>
        -:   40:#include <ext/alloc_traits.h>
        -:   41:#include <debug/debug.h>
        -:   42:
        -:   43:#if __cplusplus >= 201103L
        -:   44:#include <initializer_list>
        -:   45:#endif
        -:   46:
        -:   47:#if __cplusplus > 201402L
        -:   48:# include <string_view>
        -:   49:#endif
        -:   50:
        -:   51:
        -:   52:namespace std _GLIBCXX_VISIBILITY(default)
        -:   53:{
        -:   54:_GLIBCXX_BEGIN_NAMESPACE_VERSION
        -:   55:
        -:   56:#if _GLIBCXX_USE_CXX11_ABI
        -:   57:_GLIBCXX_BEGIN_NAMESPACE_CXX11
        -:   58:  /**
        -:   59:   *  @class basic_string basic_string.h <string>
        -:   60:   *  @brief  Managing sequences of characters and character-like objects.
        -:   61:   *
        -:   62:   *  @ingroup strings
        -:   63:   *  @ingroup sequences
        -:   64:   *
        -:   65:   *  @tparam _CharT  Type of character
        -:   66:   *  @tparam _Traits  Traits for character type, defaults to
        -:   67:   *                   char_traits<_CharT>.
        -:   68:   *  @tparam _Alloc  Allocator type, defaults to allocator<_CharT>.
        -:   69:   *
        -:   70:   *  Meets the requirements of a <a href="tables.html#65">container</a>, a
        -:   71:   *  <a href="tables.html#66">reversible container</a>, and a
        -:   72:   *  <a href="tables.html#67">sequence</a>.  Of the
        -:   73:   *  <a href="tables.html#68">optional sequence requirements</a>, only
        -:   74:   *  @c push_back, @c at, and @c %array access are supported.
        -:   75:   */
        -:   76:  template<typename _CharT, typename _Traits, typename _Alloc>
        -:   77:    class basic_string
        -:   78:    {
        -:   79:      typedef typename __gnu_cxx::__alloc_traits<_Alloc>::template
        -:   80:	rebind<_CharT>::other _Char_alloc_type;
        -:   81:      typedef __gnu_cxx::__alloc_traits<_Char_alloc_type> _Alloc_traits;
        -:   82:
        -:   83:      // Types:
        -:   84:    public:
        -:   85:      typedef _Traits					traits_type;
        -:   86:      typedef typename _Traits::char_type		value_type;
        -:   87:      typedef _Char_alloc_type				allocator_type;
        -:   88:      typedef typename _Alloc_traits::size_type		size_type;
        -:   89:      typedef typename _Alloc_traits::difference_type	difference_type;
        -:   90:      typedef typename _Alloc_traits::reference		reference;
        -:   91:      typedef typename _Alloc_traits::const_reference	const_reference;
        -:   92:      typedef typename _Alloc_traits::pointer		pointer;
        -:   93:      typedef typename _Alloc_traits::const_pointer	const_pointer;
        -:   94:      typedef __gnu_cxx::__normal_iterator<pointer, basic_string>  iterator;
        -:   95:      typedef __gnu_cxx::__normal_iterator<const_pointer, basic_string>
        -:   96:							const_iterator;
        -:   97:      typedef std::reverse_iterator<const_iterator>	const_reverse_iterator;
        -:   98:      typedef std::reverse_iterator<iterator>		reverse_iterator;
        -:   99:
        -:  100:      ///  Value returned by various member functions when they fail.
        -:  101:      static const size_type	npos = static_cast<size_type>(-1);
        -:  102:
        -:  103:    private:
        -:  104:      // type used for positions in insert, erase etc.
        -:  105:#if __cplusplus < 201103L
        -:  106:      typedef iterator __const_iterator;
        -:  107:#else
        -:  108:      typedef const_iterator __const_iterator;
        -:  109:#endif
        -:  110:
        -:  111:#if __cplusplus > 201402L
        -:  112:      // A helper type for avoiding boiler-plate.
        -:  113:      typedef basic_string_view<_CharT, _Traits> __sv_type;
        -:  114:
        -:  115:      template<typename _Tp, typename _Res>
        -:  116:	using _If_sv = enable_if_t<
        -:  117:	  __and_<is_convertible<const _Tp&, __sv_type>,
        -:  118:		 __not_<is_convertible<const _Tp*, const basic_string*>>,
        -:  119:		 __not_<is_convertible<const _Tp&, const _CharT*>>>::value,
        -:  120:	  _Res>;
        -:  121:
        -:  122:      // Allows an implicit conversion to __sv_type.
        -:  123:      static __sv_type
        -:  124:      _S_to_string_view(__sv_type __svt) noexcept
        -:  125:      { return __svt; }
        -:  126:
        -:  127:      // Wraps a string_view by explicit conversion and thus
        -:  128:      // allows to add an internal constructor that does not
        -:  129:      // participate in overload resolution when a string_view
        -:  130:      // is provided.
        -:  131:      struct __sv_wrapper
        -:  132:      {
        -:  133:	explicit __sv_wrapper(__sv_type __sv) noexcept : _M_sv(__sv) { }
        -:  134:	__sv_type _M_sv;
        -:  135:      };
        -:  136:#endif
        -:  137:
        -:  138:      // Use empty-base optimization: http://www.cantrip.org/emptyopt.html
        -:  139:      struct _Alloc_hider : allocator_type // TODO check __is_final
        -:  140:      {
        -:  141:#if __cplusplus < 201103L
        -:  142:	_Alloc_hider(pointer __dat, const _Alloc& __a = _Alloc())
        -:  143:	: allocator_type(__a), _M_p(__dat) { }
        -:  144:#else
        -:  145:	_Alloc_hider(pointer __dat, const _Alloc& __a)
        -:  146:	: allocator_type(__a), _M_p(__dat) { }
        -:  147:
        -:  148:	_Alloc_hider(pointer __dat, _Alloc&& __a = _Alloc())
        -:  149:	: allocator_type(std::move(__a)), _M_p(__dat) { }
        -:  150:#endif
        -:  151:
        -:  152:	pointer _M_p; // The actual data.
        -:  153:      };
        -:  154:
        -:  155:      _Alloc_hider	_M_dataplus;
        -:  156:      size_type		_M_string_length;
        -:  157:
        -:  158:      enum { _S_local_capacity = 15 / sizeof(_CharT) };
        -:  159:
        -:  160:      union
        -:  161:      {
        -:  162:	_CharT           _M_local_buf[_S_local_capacity + 1];
        -:  163:	size_type        _M_allocated_capacity;
        -:  164:      };
        -:  165:
        -:  166:      void
        -:  167:      _M_data(pointer __p)
        -:  168:      { _M_dataplus._M_p = __p; }
        -:  169:
        -:  170:      void
        -:  171:      _M_length(size_type __length)
        -:  172:      { _M_string_length = __length; }
        -:  173:
        -:  174:      pointer
        -:  175:      _M_data() const
        -:  176:      { return _M_dataplus._M_p; }
        -:  177:
        -:  178:      pointer
        -:  179:      _M_local_data()
        -:  180:      {
        -:  181:#if __cplusplus >= 201103L
        -:  182:	return std::pointer_traits<pointer>::pointer_to(*_M_local_buf);
        -:  183:#else
        -:  184:	return pointer(_M_local_buf);
        -:  185:#endif
        -:  186:      }
        -:  187:
        -:  188:      const_pointer
        -:  189:      _M_local_data() const
        -:  190:      {
        -:  191:#if __cplusplus >= 201103L
        -:  192:	return std::pointer_traits<const_pointer>::pointer_to(*_M_local_buf);
        -:  193:#else
        -:  194:	return const_pointer(_M_local_buf);
        -:  195:#endif
        -:  196:      }
        -:  197:
        -:  198:      void
        -:  199:      _M_capacity(size_type __capacity)
        -:  200:      { _M_allocated_capacity = __capacity; }
        -:  201:
        -:  202:      void
        -:  203:      _M_set_length(size_type __n)
        -:  204:      {
        -:  205:	_M_length(__n);
        -:  206:	traits_type::assign(_M_data()[__n], _CharT());
        -:  207:      }
        -:  208:
        -:  209:      bool
        -:  210:      _M_is_local() const
        -:  211:      { return _M_data() == _M_local_data(); }
        -:  212:
        -:  213:      // Create & Destroy
        -:  214:      pointer
        -:  215:      _M_create(size_type&, size_type);
        -:  216:
        -:  217:      void
        -:  218:      _M_dispose()
        -:  219:      {
        -:  220:	if (!_M_is_local())
        -:  221:	  _M_destroy(_M_allocated_capacity);
        -:  222:      }
        -:  223:
        -:  224:      void
        -:  225:      _M_destroy(size_type __size) throw()
        -:  226:      { _Alloc_traits::deallocate(_M_get_allocator(), _M_data(), __size + 1); }
        -:  227:
        -:  228:      // _M_construct_aux is used to implement the 21.3.1 para 15 which
        -:  229:      // requires special behaviour if _InIterator is an integral type
        -:  230:      template<typename _InIterator>
        -:  231:        void
    #####:  232:        _M_construct_aux(_InIterator __beg, _InIterator __end,
        -:  233:			 std::__false_type)
        -:  234:	{
        -:  235:          typedef typename iterator_traits<_InIterator>::iterator_category _Tag;
    #####:  236:          _M_construct(__beg, __end, _Tag());
    #####:  237:	}
------------------
_ZNSt7__cxx1112basic_stringIcSt11char_traitsIcESaIcEE16_M_construct_auxIPcEEvT_S7_St12__false_type:
function _ZNSt7__cxx1112basic_stringIcSt11char_traitsIcESaIcEE16_M_construct_auxIPcEEvT_S7_St12__false_type called 0 returned 0% blocks executed 0%
    #####:  232:        _M_construct_aux(_InIterator __beg, _InIterator __end,
        -:  233:			 std::__false_type)
        -:  234:	{
        -:  235:          typedef typename iterator_traits<_InIterator>::iterator_category _Tag;
    #####:  236:          _M_construct(__beg, __end, _Tag());
    %%%%%:  236-block  0
call    0 never executed
branch  1 never executed
branch  2 never executed
    #####:  237:	}
    %%%%%:  237-block  0
------------------
_ZNSt7__cxx1112basic_stringIcSt11char_traitsIcESaIcEE16_M_construct_auxIPKcEEvT_S8_St12__false_type:
function _ZNSt7__cxx1112basic_stringIcSt11char_traitsIcESaIcEE16_M_construct_auxIPKcEEvT_S8_St12__false_type called 0 returned 0% blocks executed 0%
    #####:  232:        _M_construct_aux(_InIterator __beg, _InIterator __end,
        -:  233:			 std::__false_type)
        -:  234:	{
        -:  235:          typedef typename iterator_traits<_InIterator>::iterator_category _Tag;
    #####:  236:          _M_construct(__beg, __end, _Tag());
    %%%%%:  236-block  0
call    0 never executed
branch  1 never executed
branch  2 never executed
    #####:  237:	}
    %%%%%:  237-block  0
------------------
        -:  238:
        -:  239:      // _GLIBCXX_RESOLVE_LIB_DEFECTS
        -:  240:      // 438. Ambiguity in the "do the right thing" clause
        -:  241:      template<typename _Integer>
        -:  242:        void
        -:  243:        _M_construct_aux(_Integer __beg, _Integer __end, std::__true_type)
        -:  244:	{ _M_construct_aux_2(static_cast<size_type>(__beg), __end); }
        -:  245:
        -:  246:      void
        -:  247:      _M_construct_aux_2(size_type __req, _CharT __c)
        -:  248:      { _M_construct(__req, __c); }
        -:  249:
        -:  250:      template<typename _InIterator>
        -:  251:        void
    #####:  252:        _M_construct(_InIterator __beg, _InIterator __end)
        -:  253:	{
        -:  254:	  typedef typename std::__is_integer<_InIterator>::__type _Integral;
    #####:  255:	  _M_construct_aux(__beg, __end, _Integral());
    #####:  256:        }
------------------
_ZNSt7__cxx1112basic_stringIcSt11char_traitsIcESaIcEE12_M_constructIPcEEvT_S7_:
function _ZNSt7__cxx1112basic_stringIcSt11char_traitsIcESaIcEE12_M_constructIPcEEvT_S7_ called 0 returned 0% blocks executed 0%
    #####:  252:        _M_construct(_InIterator __beg, _InIterator __end)
        -:  253:	{
        -:  254:	  typedef typename std::__is_integer<_InIterator>::__type _Integral;
    #####:  255:	  _M_construct_aux(__beg, __end, _Integral());
    %%%%%:  255-block  0
call    0 never executed
branch  1 never executed
branch  2 never executed
    #####:  256:        }
    %%%%%:  256-block  0
------------------
_ZNSt7__cxx1112basic_stringIcSt11char_traitsIcESaIcEE12_M_constructIPKcEEvT_S8_:
function _ZNSt7__cxx1112basic_stringIcSt11char_traitsIcESaIcEE12_M_constructIPKcEEvT_S8_ called 0 returned 0% blocks executed 0%
    #####:  252:        _M_construct(_InIterator __beg, _InIterator __end)
        -:  253:	{
        -:  254:	  typedef typename std::__is_integer<_InIterator>::__type _Integral;
    #####:  255:	  _M_construct_aux(__beg, __end, _Integral());
    %%%%%:  255-block  0
call    0 never executed
branch  1 never executed
branch  2 never executed
    #####:  256:        }
    %%%%%:  256-block  0
------------------
        -:  257:
        -:  258:      // For Input Iterators, used in istreambuf_iterators, etc.
        -:  259:      template<typename _InIterator>
        -:  260:        void
        -:  261:        _M_construct(_InIterator __beg, _InIterator __end,
        -:  262:		     std::input_iterator_tag);
        -:  263:
        -:  264:      // For forward_iterators up to random_access_iterators, used for
        -:  265:      // string::iterator, _CharT*, etc.
        -:  266:      template<typename _FwdIterator>
        -:  267:        void
        -:  268:        _M_construct(_FwdIterator __beg, _FwdIterator __end,
        -:  269:		     std::forward_iterator_tag);
        -:  270:
        -:  271:      void
        -:  272:      _M_construct(size_type __req, _CharT __c);
        -:  273:
        -:  274:      allocator_type&
        -:  275:      _M_get_allocator()
        -:  276:      { return _M_dataplus; }
        -:  277:
        -:  278:      const allocator_type&
        -:  279:      _M_get_allocator() const
        -:  280:      { return _M_dataplus; }
        -:  281:
        -:  282:    private:
        -:  283:
        -:  284:#ifdef _GLIBCXX_DISAMBIGUATE_REPLACE_INST
        -:  285:      // The explicit instantiations in misc-inst.cc require this due to
        -:  286:      // https://gcc.gnu.org/bugzilla/show_bug.cgi?id=64063
        -:  287:      template<typename _Tp, bool _Requires =
        -:  288:	       !__are_same<_Tp, _CharT*>::__value
        -:  289:	       && !__are_same<_Tp, const _CharT*>::__value
        -:  290:	       && !__are_same<_Tp, iterator>::__value
        -:  291:	       && !__are_same<_Tp, const_iterator>::__value>
        -:  292:	struct __enable_if_not_native_iterator
        -:  293:	{ typedef basic_string& __type; };
        -:  294:      template<typename _Tp>
        -:  295:	struct __enable_if_not_native_iterator<_Tp, false> { };
        -:  296:#endif
        -:  297:
        -:  298:      size_type
        -:  299:      _M_check(size_type __pos, const char* __s) const
        -:  300:      {
        -:  301:	if (__pos > this->size())
        -:  302:	  __throw_out_of_range_fmt(__N("%s: __pos (which is %zu) > "
        -:  303:				       "this->size() (which is %zu)"),
        -:  304:				   __s, __pos, this->size());
        -:  305:	return __pos;
        -:  306:      }
        -:  307:
        -:  308:      void
        -:  309:      _M_check_length(size_type __n1, size_type __n2, const char* __s) const
        -:  310:      {
        -:  311:	if (this->max_size() - (this->size() - __n1) < __n2)
        -:  312:	  __throw_length_error(__N(__s));
        -:  313:      }
        -:  314:
        -:  315:
        -:  316:      // NB: _M_limit doesn't check for a bad __pos value.
        -:  317:      size_type
        -:  318:      _M_limit(size_type __pos, size_type __off) const _GLIBCXX_NOEXCEPT
        -:  319:      {
        -:  320:	const bool __testoff =  __off < this->size() - __pos;
        -:  321:	return __testoff ? __off : this->size() - __pos;
        -:  322:      }
        -:  323:
        -:  324:      // True if _Rep and source do not overlap.
        -:  325:      bool
        -:  326:      _M_disjunct(const _CharT* __s) const _GLIBCXX_NOEXCEPT
        -:  327:      {
        -:  328:	return (less<const _CharT*>()(__s, _M_data())
        -:  329:		|| less<const _CharT*>()(_M_data() + this->size(), __s));
        -:  330:      }
        -:  331:
        -:  332:      // When __n = 1 way faster than the general multichar
        -:  333:      // traits_type::copy/move/assign.
        -:  334:      static void
        -:  335:      _S_copy(_CharT* __d, const _CharT* __s, size_type __n)
        -:  336:      {
        -:  337:	if (__n == 1)
        -:  338:	  traits_type::assign(*__d, *__s);
        -:  339:	else
        -:  340:	  traits_type::copy(__d, __s, __n);
        -:  341:      }
        -:  342:
        -:  343:      static void
        -:  344:      _S_move(_CharT* __d, const _CharT* __s, size_type __n)
        -:  345:      {
        -:  346:	if (__n == 1)
        -:  347:	  traits_type::assign(*__d, *__s);
        -:  348:	else
        -:  349:	  traits_type::move(__d, __s, __n);
        -:  350:      }
        -:  351:
        -:  352:      static void
        -:  353:      _S_assign(_CharT* __d, size_type __n, _CharT __c)
        -:  354:      {
        -:  355:	if (__n == 1)
        -:  356:	  traits_type::assign(*__d, __c);
        -:  357:	else
        -:  358:	  traits_type::assign(__d, __n, __c);
        -:  359:      }
        -:  360:
        -:  361:      // _S_copy_chars is a separate template to permit specialization
        -:  362:      // to optimize for the common case of pointers as iterators.
        -:  363:      template<class _Iterator>
        -:  364:        static void
        -:  365:        _S_copy_chars(_CharT* __p, _Iterator __k1, _Iterator __k2)
        -:  366:        {
        -:  367:	  for (; __k1 != __k2; ++__k1, (void)++__p)
        -:  368:	    traits_type::assign(*__p, *__k1); // These types are off.
        -:  369:	}
        -:  370:
        -:  371:      static void
        -:  372:      _S_copy_chars(_CharT* __p, iterator __k1, iterator __k2) _GLIBCXX_NOEXCEPT
        -:  373:      { _S_copy_chars(__p, __k1.base(), __k2.base()); }
        -:  374:
        -:  375:      static void
        -:  376:      _S_copy_chars(_CharT* __p, const_iterator __k1, const_iterator __k2)
        -:  377:      _GLIBCXX_NOEXCEPT
        -:  378:      { _S_copy_chars(__p, __k1.base(), __k2.base()); }
        -:  379:
        -:  380:      static void
        -:  381:      _S_copy_chars(_CharT* __p, _CharT* __k1, _CharT* __k2) _GLIBCXX_NOEXCEPT
        -:  382:      { _S_copy(__p, __k1, __k2 - __k1); }
        -:  383:
        -:  384:      static void
        -:  385:      _S_copy_chars(_CharT* __p, const _CharT* __k1, const _CharT* __k2)
        -:  386:      _GLIBCXX_NOEXCEPT
        -:  387:      { _S_copy(__p, __k1, __k2 - __k1); }
        -:  388:
        -:  389:      static int
        -:  390:      _S_compare(size_type __n1, size_type __n2) _GLIBCXX_NOEXCEPT
        -:  391:      {
        -:  392:	const difference_type __d = difference_type(__n1 - __n2);
        -:  393:
        -:  394:	if (__d > __gnu_cxx::__numeric_traits<int>::__max)
        -:  395:	  return __gnu_cxx::__numeric_traits<int>::__max;
        -:  396:	else if (__d < __gnu_cxx::__numeric_traits<int>::__min)
        -:  397:	  return __gnu_cxx::__numeric_traits<int>::__min;
        -:  398:	else
        -:  399:	  return int(__d);
        -:  400:      }
        -:  401:
        -:  402:      void
        -:  403:      _M_assign(const basic_string&);
        -:  404:
        -:  405:      void
        -:  406:      _M_mutate(size_type __pos, size_type __len1, const _CharT* __s,
        -:  407:		size_type __len2);
        -:  408:
        -:  409:      void
        -:  410:      _M_erase(size_type __pos, size_type __n);
        -:  411:
        -:  412:    public:
        -:  413:      // Construct/copy/destroy:
        -:  414:      // NB: We overload ctors in some cases instead of using default
        -:  415:      // arguments, per 17.4.4.4 para. 2 item 2.
        -:  416:
        -:  417:      /**
        -:  418:       *  @brief  Default constructor creates an empty string.
        -:  419:       */
        -:  420:      basic_string()
        -:  421:      _GLIBCXX_NOEXCEPT_IF(is_nothrow_default_constructible<_Alloc>::value)
        -:  422:      : _M_dataplus(_M_local_data())
        -:  423:      { _M_set_length(0); }
        -:  424:
        -:  425:      /**
        -:  426:       *  @brief  Construct an empty string using allocator @a a.
        -:  427:       */
        -:  428:      explicit
        -:  429:      basic_string(const _Alloc& __a) _GLIBCXX_NOEXCEPT
        -:  430:      : _M_dataplus(_M_local_data(), __a)
        -:  431:      { _M_set_length(0); }
        -:  432:
        -:  433:      /**
        -:  434:       *  @brief  Construct string with copy of value of @a __str.
        -:  435:       *  @param  __str  Source string.
        -:  436:       */
        -:  437:      basic_string(const basic_string& __str)
        -:  438:      : _M_dataplus(_M_local_data(),
        -:  439:		    _Alloc_traits::_S_select_on_copy(__str._M_get_allocator()))
        -:  440:      { _M_construct(__str._M_data(), __str._M_data() + __str.length()); }
        -:  441:
        -:  442:      // _GLIBCXX_RESOLVE_LIB_DEFECTS
        -:  443:      // 2583. no way to supply an allocator for basic_string(str, pos)
        -:  444:      /**
        -:  445:       *  @brief  Construct string as copy of a substring.
        -:  446:       *  @param  __str  Source string.
        -:  447:       *  @param  __pos  Index of first character to copy from.
        -:  448:       *  @param  __a  Allocator to use.
        -:  449:       */
        -:  450:      basic_string(const basic_string& __str, size_type __pos,
        -:  451:		   const _Alloc& __a = _Alloc())
        -:  452:      : _M_dataplus(_M_local_data(), __a)
        -:  453:      {
        -:  454:	const _CharT* __start = __str._M_data()
        -:  455:	  + __str._M_check(__pos, "basic_string::basic_string");
        -:  456:	_M_construct(__start, __start + __str._M_limit(__pos, npos));
        -:  457:      }
        -:  458:
        -:  459:      /**
        -:  460:       *  @brief  Construct string as copy of a substring.
        -:  461:       *  @param  __str  Source string.
        -:  462:       *  @param  __pos  Index of first character to copy from.
        -:  463:       *  @param  __n  Number of characters to copy.
        -:  464:       */
        -:  465:      basic_string(const basic_string& __str, size_type __pos,
        -:  466:		   size_type __n)
        -:  467:      : _M_dataplus(_M_local_data())
        -:  468:      {
        -:  469:	const _CharT* __start = __str._M_data()
        -:  470:	  + __str._M_check(__pos, "basic_string::basic_string");
        -:  471:	_M_construct(__start, __start + __str._M_limit(__pos, __n));
        -:  472:      }
        -:  473:
        -:  474:      /**
        -:  475:       *  @brief  Construct string as copy of a substring.
        -:  476:       *  @param  __str  Source string.
        -:  477:       *  @param  __pos  Index of first character to copy from.
        -:  478:       *  @param  __n  Number of characters to copy.
        -:  479:       *  @param  __a  Allocator to use.
        -:  480:       */
        -:  481:      basic_string(const basic_string& __str, size_type __pos,
        -:  482:		   size_type __n, const _Alloc& __a)
        -:  483:      : _M_dataplus(_M_local_data(), __a)
        -:  484:      {
        -:  485:	const _CharT* __start
        -:  486:	  = __str._M_data() + __str._M_check(__pos, "string::string");
        -:  487:	_M_construct(__start, __start + __str._M_limit(__pos, __n));
        -:  488:      }
        -:  489:
        -:  490:      /**
        -:  491:       *  @brief  Construct string initialized by a character %array.
        -:  492:       *  @param  __s  Source character %array.
        -:  493:       *  @param  __n  Number of characters to copy.
        -:  494:       *  @param  __a  Allocator to use (default is default allocator).
        -:  495:       *
        -:  496:       *  NB: @a __s must have at least @a __n characters, &apos;\\0&apos;
        -:  497:       *  has no special meaning.
        -:  498:       */
        -:  499:      basic_string(const _CharT* __s, size_type __n,
        -:  500:		   const _Alloc& __a = _Alloc())
        -:  501:      : _M_dataplus(_M_local_data(), __a)
        -:  502:      { _M_construct(__s, __s + __n); }
        -:  503:
        -:  504:      /**
        -:  505:       *  @brief  Construct string as copy of a C string.
        -:  506:       *  @param  __s  Source C string.
        -:  507:       *  @param  __a  Allocator to use (default is default allocator).
        -:  508:       */
        -:  509:      basic_string(const _CharT* __s, const _Alloc& __a = _Alloc())
        -:  510:      : _M_dataplus(_M_local_data(), __a)
        -:  511:      { _M_construct(__s, __s ? __s + traits_type::length(__s) : __s+npos); }
        -:  512:
        -:  513:      /**
        -:  514:       *  @brief  Construct string as multiple characters.
        -:  515:       *  @param  __n  Number of characters.
        -:  516:       *  @param  __c  Character to use.
        -:  517:       *  @param  __a  Allocator to use (default is default allocator).
        -:  518:       */
        -:  519:      basic_string(size_type __n, _CharT __c, const _Alloc& __a = _Alloc())
        -:  520:      : _M_dataplus(_M_local_data(), __a)
        -:  521:      { _M_construct(__n, __c); }
        -:  522:
        -:  523:#if __cplusplus >= 201103L
        -:  524:      /**
        -:  525:       *  @brief  Move construct string.
        -:  526:       *  @param  __str  Source string.
        -:  527:       *
        -:  528:       *  The newly-created string contains the exact contents of @a __str.
        -:  529:       *  @a __str is a valid, but unspecified string.
        -:  530:       **/
        -:  531:      basic_string(basic_string&& __str) noexcept
        -:  532:      : _M_dataplus(_M_local_data(), std::move(__str._M_get_allocator()))
        -:  533:      {
        -:  534:	if (__str._M_is_local())
        -:  535:	  {
        -:  536:	    traits_type::copy(_M_local_buf, __str._M_local_buf,
        -:  537:			      _S_local_capacity + 1);
        -:  538:	  }
        -:  539:	else
        -:  540:	  {
        -:  541:	    _M_data(__str._M_data());
        -:  542:	    _M_capacity(__str._M_allocated_capacity);
        -:  543:	  }
        -:  544:
        -:  545:	// Must use _M_length() here not _M_set_length() because
        -:  546:	// basic_stringbuf relies on writing into unallocated capacity so
        -:  547:	// we mess up the contents if we put a '\0' in the string.
        -:  548:	_M_length(__str.length());
        -:  549:	__str._M_data(__str._M_local_data());
        -:  550:	__str._M_set_length(0);
        -:  551:      }
        -:  552:
        -:  553:      /**
        -:  554:       *  @brief  Construct string from an initializer %list.
        -:  555:       *  @param  __l  std::initializer_list of characters.
        -:  556:       *  @param  __a  Allocator to use (default is default allocator).
        -:  557:       */
        -:  558:      basic_string(initializer_list<_CharT> __l, const _Alloc& __a = _Alloc())
        -:  559:      : _M_dataplus(_M_local_data(), __a)
        -:  560:      { _M_construct(__l.begin(), __l.end()); }
        -:  561:
        -:  562:      basic_string(const basic_string& __str, const _Alloc& __a)
        -:  563:      : _M_dataplus(_M_local_data(), __a)
        -:  564:      { _M_construct(__str.begin(), __str.end()); }
        -:  565:
        -:  566:      basic_string(basic_string&& __str, const _Alloc& __a)
        -:  567:      noexcept(_Alloc_traits::_S_always_equal())
        -:  568:      : _M_dataplus(_M_local_data(), __a)
        -:  569:      {
        -:  570:	if (__str._M_is_local())
        -:  571:	  {
        -:  572:	    traits_type::copy(_M_local_buf, __str._M_local_buf,
        -:  573:			      _S_local_capacity + 1);
        -:  574:	    _M_length(__str.length());
        -:  575:	    __str._M_set_length(0);
        -:  576:	  }
        -:  577:	else if (_Alloc_traits::_S_always_equal()
        -:  578:	    || __str.get_allocator() == __a)
        -:  579:	  {
        -:  580:	    _M_data(__str._M_data());
        -:  581:	    _M_length(__str.length());
        -:  582:	    _M_capacity(__str._M_allocated_capacity);
        -:  583:	    __str._M_data(__str._M_local_buf);
        -:  584:	    __str._M_set_length(0);
        -:  585:	  }
        -:  586:	else
        -:  587:	  _M_construct(__str.begin(), __str.end());
        -:  588:      }
        -:  589:
        -:  590:#endif // C++11
        -:  591:
        -:  592:      /**
        -:  593:       *  @brief  Construct string as copy of a range.
        -:  594:       *  @param  __beg  Start of range.
        -:  595:       *  @param  __end  End of range.
        -:  596:       *  @param  __a  Allocator to use (default is default allocator).
        -:  597:       */
        -:  598:#if __cplusplus >= 201103L
        -:  599:      template<typename _InputIterator,
        -:  600:	       typename = std::_RequireInputIter<_InputIterator>>
        -:  601:#else
        -:  602:      template<typename _InputIterator>
        -:  603:#endif
        -:  604:        basic_string(_InputIterator __beg, _InputIterator __end,
        -:  605:		     const _Alloc& __a = _Alloc())
        -:  606:	: _M_dataplus(_M_local_data(), __a)
        -:  607:	{ _M_construct(__beg, __end); }
        -:  608:
        -:  609:#if __cplusplus > 201402L
        -:  610:      /**
        -:  611:       *  @brief  Construct string from a substring of a string_view.
        -:  612:       *  @param  __t   Source object convertible to string view.
        -:  613:       *  @param  __pos The index of the first character to copy from __t.
        -:  614:       *  @param  __n   The number of characters to copy from __t.
        -:  615:       *  @param  __a   Allocator to use.
        -:  616:       */
        -:  617:      template<typename _Tp, typename = _If_sv<_Tp, void>>
        -:  618:	basic_string(const _Tp& __t, size_type __pos, size_type __n,
        -:  619:		     const _Alloc& __a = _Alloc())
        -:  620:	: basic_string(_S_to_string_view(__t).substr(__pos, __n), __a) { }
        -:  621:
        -:  622:      /**
        -:  623:       *  @brief  Construct string from a string_view.
        -:  624:       *  @param  __t  Source object convertible to string view.
        -:  625:       *  @param  __a  Allocator to use (default is default allocator).
        -:  626:       */
        -:  627:      template<typename _Tp, typename = _If_sv<_Tp, void>>
        -:  628:	explicit
        -:  629:	basic_string(const _Tp& __t, const _Alloc& __a = _Alloc())
        -:  630:	: basic_string(__sv_wrapper(_S_to_string_view(__t)), __a) { }
        -:  631:
        -:  632:      /**
        -:  633:       *  @brief  Only internally used: Construct string from a string view
        -:  634:       *          wrapper.
        -:  635:       *  @param  __svw  string view wrapper.
        -:  636:       *  @param  __a  Allocator to use.
        -:  637:       */
        -:  638:      explicit
        -:  639:      basic_string(__sv_wrapper __svw, const _Alloc& __a)
        -:  640:      : basic_string(__svw._M_sv.data(), __svw._M_sv.size(), __a) { }
        -:  641:#endif // C++17
        -:  642:
        -:  643:      /**
        -:  644:       *  @brief  Destroy the string instance.
        -:  645:       */
        -:  646:      ~basic_string()
        -:  647:      { _M_dispose(); }
        -:  648:
        -:  649:      /**
        -:  650:       *  @brief  Assign the value of @a str to this string.
        -:  651:       *  @param  __str  Source string.
        -:  652:       */
        -:  653:      basic_string&
        -:  654:      operator=(const basic_string& __str)
        -:  655:      {
        -:  656:#if __cplusplus >= 201103L
        -:  657:	if (_Alloc_traits::_S_propagate_on_copy_assign())
        -:  658:	  {
        -:  659:	    if (!_Alloc_traits::_S_always_equal() && !_M_is_local()
        -:  660:		&& _M_get_allocator() != __str._M_get_allocator())
        -:  661:	      {
        -:  662:		// Propagating allocator cannot free existing storage so must
        -:  663:		// deallocate it before replacing current allocator.
        -:  664:		if (__str.size() <= _S_local_capacity)
        -:  665:		  {
        -:  666:		    _M_destroy(_M_allocated_capacity);
        -:  667:		    _M_data(_M_local_data());
        -:  668:		    _M_set_length(0);
        -:  669:		  }
        -:  670:		else
        -:  671:		  {
        -:  672:		    const auto __len = __str.size();
        -:  673:		    auto __alloc = __str._M_get_allocator();
        -:  674:		    // If this allocation throws there are no effects:
        -:  675:		    auto __ptr = _Alloc_traits::allocate(__alloc, __len + 1);
        -:  676:		    _M_destroy(_M_allocated_capacity);
        -:  677:		    _M_data(__ptr);
        -:  678:		    _M_capacity(__len);
        -:  679:		    _M_set_length(__len);
        -:  680:		  }
        -:  681:	      }
        -:  682:	    std::__alloc_on_copy(_M_get_allocator(), __str._M_get_allocator());
        -:  683:	  }
        -:  684:#endif
        -:  685:	return this->assign(__str);
        -:  686:      }
        -:  687:
        -:  688:      /**
        -:  689:       *  @brief  Copy contents of @a s into this string.
        -:  690:       *  @param  __s  Source null-terminated string.
        -:  691:       */
        -:  692:      basic_string&
        -:  693:      operator=(const _CharT* __s)
        -:  694:      { return this->assign(__s); }
        -:  695:
        -:  696:      /**
        -:  697:       *  @brief  Set value to string of length 1.
        -:  698:       *  @param  __c  Source character.
        -:  699:       *
        -:  700:       *  Assigning to a character makes this string length 1 and
        -:  701:       *  (*this)[0] == @a c.
        -:  702:       */
        -:  703:      basic_string&
        -:  704:      operator=(_CharT __c)
        -:  705:      {
        -:  706:	this->assign(1, __c);
        -:  707:	return *this;
        -:  708:      }
        -:  709:
        -:  710:#if __cplusplus >= 201103L
        -:  711:      /**
        -:  712:       *  @brief  Move assign the value of @a str to this string.
        -:  713:       *  @param  __str  Source string.
        -:  714:       *
        -:  715:       *  The contents of @a str are moved into this string (without copying).
        -:  716:       *  @a str is a valid, but unspecified string.
        -:  717:       **/
        -:  718:      // PR 58265, this should be noexcept.
        -:  719:      // _GLIBCXX_RESOLVE_LIB_DEFECTS
        -:  720:      // 2063. Contradictory requirements for string move assignment
        -:  721:      basic_string&
        -:  722:      operator=(basic_string&& __str)
        -:  723:      noexcept(_Alloc_traits::_S_nothrow_move())
        -:  724:      {
        -:  725:	if (!_M_is_local() && _Alloc_traits::_S_propagate_on_move_assign()
        -:  726:	    && !_Alloc_traits::_S_always_equal()
        -:  727:	    && _M_get_allocator() != __str._M_get_allocator())
        -:  728:	  {
        -:  729:	    // Destroy existing storage before replacing allocator.
        -:  730:	    _M_destroy(_M_allocated_capacity);
        -:  731:	    _M_data(_M_local_data());
        -:  732:	    _M_set_length(0);
        -:  733:	  }
        -:  734:	// Replace allocator if POCMA is true.
        -:  735:	std::__alloc_on_move(_M_get_allocator(), __str._M_get_allocator());
        -:  736:
        -:  737:	if (!__str._M_is_local()
        -:  738:	    && (_Alloc_traits::_S_propagate_on_move_assign()
        -:  739:	      || _Alloc_traits::_S_always_equal()))
        -:  740:	  {
        -:  741:	    pointer __data = nullptr;
        -:  742:	    size_type __capacity;
        -:  743:	    if (!_M_is_local())
        -:  744:	      {
        -:  745:		if (_Alloc_traits::_S_always_equal())
        -:  746:		  {
        -:  747:		    __data = _M_data();
        -:  748:		    __capacity = _M_allocated_capacity;
        -:  749:		  }
        -:  750:		else
        -:  751:		  _M_destroy(_M_allocated_capacity);
        -:  752:	      }
        -:  753:
        -:  754:	    _M_data(__str._M_data());
        -:  755:	    _M_length(__str.length());
        -:  756:	    _M_capacity(__str._M_allocated_capacity);
        -:  757:	    if (__data)
        -:  758:	      {
        -:  759:		__str._M_data(__data);
        -:  760:		__str._M_capacity(__capacity);
        -:  761:	      }
        -:  762:	    else
        -:  763:	      __str._M_data(__str._M_local_buf);
        -:  764:	  }
        -:  765:	else
        -:  766:	    assign(__str);
        -:  767:	__str.clear();
        -:  768:	return *this;
        -:  769:      }
        -:  770:
        -:  771:      /**
        -:  772:       *  @brief  Set value to string constructed from initializer %list.
        -:  773:       *  @param  __l  std::initializer_list.
        -:  774:       */
        -:  775:      basic_string&
        -:  776:      operator=(initializer_list<_CharT> __l)
        -:  777:      {
        -:  778:	this->assign(__l.begin(), __l.size());
        -:  779:	return *this;
        -:  780:      }
        -:  781:#endif // C++11
        -:  782:
        -:  783:#if __cplusplus > 201402L
        -:  784:      /**
        -:  785:       *  @brief  Set value to string constructed from a string_view.
        -:  786:       *  @param  __svt  An object convertible to string_view.
        -:  787:       */
        -:  788:     template<typename _Tp>
        -:  789:       _If_sv<_Tp, basic_string&>
        -:  790:       operator=(const _Tp& __svt)
        -:  791:       { return this->assign(__svt); }
        -:  792:
        -:  793:      /**
        -:  794:       *  @brief  Convert to a string_view.
        -:  795:       *  @return A string_view.
        -:  796:       */
        -:  797:      operator __sv_type() const noexcept
        -:  798:      { return __sv_type(data(), size()); }
        -:  799:#endif // C++17
        -:  800:
        -:  801:      // Iterators:
        -:  802:      /**
        -:  803:       *  Returns a read/write iterator that points to the first character in
        -:  804:       *  the %string.
        -:  805:       */
        -:  806:      iterator
        -:  807:      begin() _GLIBCXX_NOEXCEPT
        -:  808:      { return iterator(_M_data()); }
        -:  809:
        -:  810:      /**
        -:  811:       *  Returns a read-only (constant) iterator that points to the first
        -:  812:       *  character in the %string.
        -:  813:       */
        -:  814:      const_iterator
        -:  815:      begin() const _GLIBCXX_NOEXCEPT
        -:  816:      { return const_iterator(_M_data()); }
        -:  817:
        -:  818:      /**
        -:  819:       *  Returns a read/write iterator that points one past the last
        -:  820:       *  character in the %string.
        -:  821:       */
        -:  822:      iterator
        -:  823:      end() _GLIBCXX_NOEXCEPT
        -:  824:      { return iterator(_M_data() + this->size()); }
        -:  825:
        -:  826:      /**
        -:  827:       *  Returns a read-only (constant) iterator that points one past the
        -:  828:       *  last character in the %string.
        -:  829:       */
        -:  830:      const_iterator
        -:  831:      end() const _GLIBCXX_NOEXCEPT
        -:  832:      { return const_iterator(_M_data() + this->size()); }
        -:  833:
        -:  834:      /**
        -:  835:       *  Returns a read/write reverse iterator that points to the last
        -:  836:       *  character in the %string.  Iteration is done in reverse element
        -:  837:       *  order.
        -:  838:       */
        -:  839:      reverse_iterator
        -:  840:      rbegin() _GLIBCXX_NOEXCEPT
        -:  841:      { return reverse_iterator(this->end()); }
        -:  842:
        -:  843:      /**
        -:  844:       *  Returns a read-only (constant) reverse iterator that points
        -:  845:       *  to the last character in the %string.  Iteration is done in
        -:  846:       *  reverse element order.
        -:  847:       */
        -:  848:      const_reverse_iterator
        -:  849:      rbegin() const _GLIBCXX_NOEXCEPT
        -:  850:      { return const_reverse_iterator(this->end()); }
        -:  851:
        -:  852:      /**
        -:  853:       *  Returns a read/write reverse iterator that points to one before the
        -:  854:       *  first character in the %string.  Iteration is done in reverse
        -:  855:       *  element order.
        -:  856:       */
        -:  857:      reverse_iterator
        -:  858:      rend() _GLIBCXX_NOEXCEPT
        -:  859:      { return reverse_iterator(this->begin()); }
        -:  860:
        -:  861:      /**
        -:  862:       *  Returns a read-only (constant) reverse iterator that points
        -:  863:       *  to one before the first character in the %string.  Iteration
        -:  864:       *  is done in reverse element order.
        -:  865:       */
        -:  866:      const_reverse_iterator
        -:  867:      rend() const _GLIBCXX_NOEXCEPT
        -:  868:      { return const_reverse_iterator(this->begin()); }
        -:  869:
        -:  870:#if __cplusplus >= 201103L
        -:  871:      /**
        -:  872:       *  Returns a read-only (constant) iterator that points to the first
        -:  873:       *  character in the %string.
        -:  874:       */
        -:  875:      const_iterator
        -:  876:      cbegin() const noexcept
        -:  877:      { return const_iterator(this->_M_data()); }
        -:  878:
        -:  879:      /**
        -:  880:       *  Returns a read-only (constant) iterator that points one past the
        -:  881:       *  last character in the %string.
        -:  882:       */
        -:  883:      const_iterator
        -:  884:      cend() const noexcept
        -:  885:      { return const_iterator(this->_M_data() + this->size()); }
        -:  886:
        -:  887:      /**
        -:  888:       *  Returns a read-only (constant) reverse iterator that points
        -:  889:       *  to the last character in the %string.  Iteration is done in
        -:  890:       *  reverse element order.
        -:  891:       */
        -:  892:      const_reverse_iterator
        -:  893:      crbegin() const noexcept
        -:  894:      { return const_reverse_iterator(this->end()); }
        -:  895:
        -:  896:      /**
        -:  897:       *  Returns a read-only (constant) reverse iterator that points
        -:  898:       *  to one before the first character in the %string.  Iteration
        -:  899:       *  is done in reverse element order.
        -:  900:       */
        -:  901:      const_reverse_iterator
        -:  902:      crend() const noexcept
        -:  903:      { return const_reverse_iterator(this->begin()); }
        -:  904:#endif
        -:  905:
        -:  906:    public:
        -:  907:      // Capacity:
        -:  908:      ///  Returns the number of characters in the string, not including any
        -:  909:      ///  null-termination.
        -:  910:      size_type
        -:  911:      size() const _GLIBCXX_NOEXCEPT
        -:  912:      { return _M_string_length; }
        -:  913:
        -:  914:      ///  Returns the number of characters in the string, not including any
        -:  915:      ///  null-termination.
        -:  916:      size_type
        -:  917:      length() const _GLIBCXX_NOEXCEPT
        -:  918:      { return _M_string_length; }
        -:  919:
        -:  920:      ///  Returns the size() of the largest possible %string.
        -:  921:      size_type
        -:  922:      max_size() const _GLIBCXX_NOEXCEPT
        -:  923:      { return (_Alloc_traits::max_size(_M_get_allocator()) - 1) / 2; }
        -:  924:
        -:  925:      /**
        -:  926:       *  @brief  Resizes the %string to the specified number of characters.
        -:  927:       *  @param  __n  Number of characters the %string should contain.
        -:  928:       *  @param  __c  Character to fill any new elements.
        -:  929:       *
        -:  930:       *  This function will %resize the %string to the specified
        -:  931:       *  number of characters.  If the number is smaller than the
        -:  932:       *  %string's current size the %string is truncated, otherwise
        -:  933:       *  the %string is extended and new elements are %set to @a __c.
        -:  934:       */
        -:  935:      void
        -:  936:      resize(size_type __n, _CharT __c);
        -:  937:
        -:  938:      /**
        -:  939:       *  @brief  Resizes the %string to the specified number of characters.
        -:  940:       *  @param  __n  Number of characters the %string should contain.
        -:  941:       *
        -:  942:       *  This function will resize the %string to the specified length.  If
        -:  943:       *  the new size is smaller than the %string's current size the %string
        -:  944:       *  is truncated, otherwise the %string is extended and new characters
        -:  945:       *  are default-constructed.  For basic types such as char, this means
        -:  946:       *  setting them to 0.
        -:  947:       */
        -:  948:      void
        -:  949:      resize(size_type __n)
        -:  950:      { this->resize(__n, _CharT()); }
        -:  951:
        -:  952:#if __cplusplus >= 201103L
        -:  953:      ///  A non-binding request to reduce capacity() to size().
        -:  954:      void
        -:  955:      shrink_to_fit() noexcept
        -:  956:      {
        -:  957:#if __cpp_exceptions
        -:  958:	if (capacity() > size())
        -:  959:	  {
        -:  960:	    try
        -:  961:	      { reserve(0); }
        -:  962:	    catch(...)
        -:  963:	      { }
        -:  964:	  }
        -:  965:#endif
        -:  966:      }
        -:  967:#endif
        -:  968:
        -:  969:      /**
        -:  970:       *  Returns the total number of characters that the %string can hold
        -:  971:       *  before needing to allocate more memory.
        -:  972:       */
        -:  973:      size_type
        -:  974:      capacity() const _GLIBCXX_NOEXCEPT
        -:  975:      {
        -:  976:	return _M_is_local() ? size_type(_S_local_capacity)
        -:  977:	                     : _M_allocated_capacity;
        -:  978:      }
        -:  979:
        -:  980:      /**
        -:  981:       *  @brief  Attempt to preallocate enough memory for specified number of
        -:  982:       *          characters.
        -:  983:       *  @param  __res_arg  Number of characters required.
        -:  984:       *  @throw  std::length_error  If @a __res_arg exceeds @c max_size().
        -:  985:       *
        -:  986:       *  This function attempts to reserve enough memory for the
        -:  987:       *  %string to hold the specified number of characters.  If the
        -:  988:       *  number requested is more than max_size(), length_error is
        -:  989:       *  thrown.
        -:  990:       *
        -:  991:       *  The advantage of this function is that if optimal code is a
        -:  992:       *  necessity and the user can determine the string length that will be
        -:  993:       *  required, the user can reserve the memory in %advance, and thus
        -:  994:       *  prevent a possible reallocation of memory and copying of %string
        -:  995:       *  data.
        -:  996:       */
        -:  997:      void
        -:  998:      reserve(size_type __res_arg = 0);
        -:  999:
        -: 1000:      /**
        -: 1001:       *  Erases the string, making it empty.
        -: 1002:       */
        -: 1003:      void
        -: 1004:      clear() _GLIBCXX_NOEXCEPT
        -: 1005:      { _M_set_length(0); }
        -: 1006:
        -: 1007:      /**
        -: 1008:       *  Returns true if the %string is empty.  Equivalent to 
        -: 1009:       *  <code>*this == ""</code>.
        -: 1010:       */
        -: 1011:      bool
        -: 1012:      empty() const _GLIBCXX_NOEXCEPT
        -: 1013:      { return this->size() == 0; }
        -: 1014:
        -: 1015:      // Element access:
        -: 1016:      /**
        -: 1017:       *  @brief  Subscript access to the data contained in the %string.
        -: 1018:       *  @param  __pos  The index of the character to access.
        -: 1019:       *  @return  Read-only (constant) reference to the character.
        -: 1020:       *
        -: 1021:       *  This operator allows for easy, array-style, data access.
        -: 1022:       *  Note that data access with this operator is unchecked and
        -: 1023:       *  out_of_range lookups are not defined. (For checked lookups
        -: 1024:       *  see at().)
        -: 1025:       */
        -: 1026:      const_reference
        -: 1027:      operator[] (size_type __pos) const _GLIBCXX_NOEXCEPT
        -: 1028:      {
        -: 1029:	__glibcxx_assert(__pos <= size());
        -: 1030:	return _M_data()[__pos];
        -: 1031:      }
        -: 1032:
        -: 1033:      /**
        -: 1034:       *  @brief  Subscript access to the data contained in the %string.
        -: 1035:       *  @param  __pos  The index of the character to access.
        -: 1036:       *  @return  Read/write reference to the character.
        -: 1037:       *
        -: 1038:       *  This operator allows for easy, array-style, data access.
        -: 1039:       *  Note that data access with this operator is unchecked and
        -: 1040:       *  out_of_range lookups are not defined. (For checked lookups
        -: 1041:       *  see at().)
        -: 1042:       */
        -: 1043:      reference
        -: 1044:      operator[](size_type __pos)
        -: 1045:      {
        -: 1046:        // Allow pos == size() both in C++98 mode, as v3 extension,
        -: 1047:	// and in C++11 mode.
        -: 1048:	__glibcxx_assert(__pos <= size());
        -: 1049:        // In pedantic mode be strict in C++98 mode.
        -: 1050:	_GLIBCXX_DEBUG_PEDASSERT(__cplusplus >= 201103L || __pos < size());
        -: 1051:	return _M_data()[__pos];
        -: 1052:      }
        -: 1053:
        -: 1054:      /**
        -: 1055:       *  @brief  Provides access to the data contained in the %string.
        -: 1056:       *  @param __n The index of the character to access.
        -: 1057:       *  @return  Read-only (const) reference to the character.
        -: 1058:       *  @throw  std::out_of_range  If @a n is an invalid index.
        -: 1059:       *
        -: 1060:       *  This function provides for safer data access.  The parameter is
        -: 1061:       *  first checked that it is in the range of the string.  The function
        -: 1062:       *  throws out_of_range if the check fails.
        -: 1063:       */
        -: 1064:      const_reference
        -: 1065:      at(size_type __n) const
        -: 1066:      {
        -: 1067:	if (__n >= this->size())
        -: 1068:	  __throw_out_of_range_fmt(__N("basic_string::at: __n "
        -: 1069:				       "(which is %zu) >= this->size() "
        -: 1070:				       "(which is %zu)"),
        -: 1071:				   __n, this->size());
        -: 1072:	return _M_data()[__n];
        -: 1073:      }
        -: 1074:
        -: 1075:      /**
        -: 1076:       *  @brief  Provides access to the data contained in the %string.
        -: 1077:       *  @param __n The index of the character to access.
        -: 1078:       *  @return  Read/write reference to the character.
        -: 1079:       *  @throw  std::out_of_range  If @a n is an invalid index.
        -: 1080:       *
        -: 1081:       *  This function provides for safer data access.  The parameter is
        -: 1082:       *  first checked that it is in the range of the string.  The function
        -: 1083:       *  throws out_of_range if the check fails.
        -: 1084:       */
        -: 1085:      reference
        -: 1086:      at(size_type __n)
        -: 1087:      {
        -: 1088:	if (__n >= size())
        -: 1089:	  __throw_out_of_range_fmt(__N("basic_string::at: __n "
        -: 1090:				       "(which is %zu) >= this->size() "
        -: 1091:				       "(which is %zu)"),
        -: 1092:				   __n, this->size());
        -: 1093:	return _M_data()[__n];
        -: 1094:      }
        -: 1095:
        -: 1096:#if __cplusplus >= 201103L
        -: 1097:      /**
        -: 1098:       *  Returns a read/write reference to the data at the first
        -: 1099:       *  element of the %string.
        -: 1100:       */
        -: 1101:      reference
        -: 1102:      front() noexcept
        -: 1103:      {
        -: 1104:	__glibcxx_assert(!empty());
        -: 1105:	return operator[](0);
        -: 1106:      }
        -: 1107:
        -: 1108:      /**
        -: 1109:       *  Returns a read-only (constant) reference to the data at the first
        -: 1110:       *  element of the %string.
        -: 1111:       */
        -: 1112:      const_reference
        -: 1113:      front() const noexcept
        -: 1114:      {
        -: 1115:	__glibcxx_assert(!empty());
        -: 1116:	return operator[](0);
        -: 1117:      }
        -: 1118:
        -: 1119:      /**
        -: 1120:       *  Returns a read/write reference to the data at the last
        -: 1121:       *  element of the %string.
        -: 1122:       */
        -: 1123:      reference
        -: 1124:      back() noexcept
        -: 1125:      {
        -: 1126:	__glibcxx_assert(!empty());
        -: 1127:	return operator[](this->size() - 1);
        -: 1128:      }
        -: 1129:
        -: 1130:      /**
        -: 1131:       *  Returns a read-only (constant) reference to the data at the
        -: 1132:       *  last element of the %string.
        -: 1133:       */
        -: 1134:      const_reference
        -: 1135:      back() const noexcept
        -: 1136:      {
        -: 1137:	__glibcxx_assert(!empty());
        -: 1138:	return operator[](this->size() - 1);
        -: 1139:      }
        -: 1140:#endif
        -: 1141:
        -: 1142:      // Modifiers:
        -: 1143:      /**
        -: 1144:       *  @brief  Append a string to this string.
        -: 1145:       *  @param __str  The string to append.
        -: 1146:       *  @return  Reference to this string.
        -: 1147:       */
        -: 1148:      basic_string&
        -: 1149:      operator+=(const basic_string& __str)
        -: 1150:      { return this->append(__str); }
        -: 1151:
        -: 1152:      /**
        -: 1153:       *  @brief  Append a C string.
        -: 1154:       *  @param __s  The C string to append.
        -: 1155:       *  @return  Reference to this string.
        -: 1156:       */
        -: 1157:      basic_string&
        -: 1158:      operator+=(const _CharT* __s)
        -: 1159:      { return this->append(__s); }
        -: 1160:
        -: 1161:      /**
        -: 1162:       *  @brief  Append a character.
        -: 1163:       *  @param __c  The character to append.
        -: 1164:       *  @return  Reference to this string.
        -: 1165:       */
        -: 1166:      basic_string&
        -: 1167:      operator+=(_CharT __c)
        -: 1168:      {
        -: 1169:	this->push_back(__c);
        -: 1170:	return *this;
        -: 1171:      }
        -: 1172:
        -: 1173:#if __cplusplus >= 201103L
        -: 1174:      /**
        -: 1175:       *  @brief  Append an initializer_list of characters.
        -: 1176:       *  @param __l  The initializer_list of characters to be appended.
        -: 1177:       *  @return  Reference to this string.
        -: 1178:       */
        -: 1179:      basic_string&
        -: 1180:      operator+=(initializer_list<_CharT> __l)
        -: 1181:      { return this->append(__l.begin(), __l.size()); }
        -: 1182:#endif // C++11
        -: 1183:
        -: 1184:#if __cplusplus > 201402L
        -: 1185:      /**
        -: 1186:       *  @brief  Append a string_view.
        -: 1187:       *  @param __svt  An object convertible to string_view to be appended.
        -: 1188:       *  @return  Reference to this string.
        -: 1189:       */
        -: 1190:      template<typename _Tp>
        -: 1191:	_If_sv<_Tp, basic_string&>
        -: 1192:	operator+=(const _Tp& __svt)
        -: 1193:	{ return this->append(__svt); }
        -: 1194:#endif // C++17
        -: 1195:
        -: 1196:      /**
        -: 1197:       *  @brief  Append a string to this string.
        -: 1198:       *  @param __str  The string to append.
        -: 1199:       *  @return  Reference to this string.
        -: 1200:       */
        -: 1201:      basic_string&
        -: 1202:      append(const basic_string& __str)
        -: 1203:      { return _M_append(__str._M_data(), __str.size()); }
        -: 1204:
        -: 1205:      /**
        -: 1206:       *  @brief  Append a substring.
        -: 1207:       *  @param __str  The string to append.
        -: 1208:       *  @param __pos  Index of the first character of str to append.
        -: 1209:       *  @param __n  The number of characters to append.
        -: 1210:       *  @return  Reference to this string.
        -: 1211:       *  @throw  std::out_of_range if @a __pos is not a valid index.
        -: 1212:       *
        -: 1213:       *  This function appends @a __n characters from @a __str
        -: 1214:       *  starting at @a __pos to this string.  If @a __n is is larger
        -: 1215:       *  than the number of available characters in @a __str, the
        -: 1216:       *  remainder of @a __str is appended.
        -: 1217:       */
        -: 1218:      basic_string&
        -: 1219:      append(const basic_string& __str, size_type __pos, size_type __n)
        -: 1220:      { return _M_append(__str._M_data()
        -: 1221:			 + __str._M_check(__pos, "basic_string::append"),
        -: 1222:			 __str._M_limit(__pos, __n)); }
        -: 1223:
        -: 1224:      /**
        -: 1225:       *  @brief  Append a C substring.
        -: 1226:       *  @param __s  The C string to append.
        -: 1227:       *  @param __n  The number of characters to append.
        -: 1228:       *  @return  Reference to this string.
        -: 1229:       */
        -: 1230:      basic_string&
        -: 1231:      append(const _CharT* __s, size_type __n)
        -: 1232:      {
        -: 1233:	__glibcxx_requires_string_len(__s, __n);
        -: 1234:	_M_check_length(size_type(0), __n, "basic_string::append");
        -: 1235:	return _M_append(__s, __n);
        -: 1236:      }
        -: 1237:
        -: 1238:      /**
        -: 1239:       *  @brief  Append a C string.
        -: 1240:       *  @param __s  The C string to append.
        -: 1241:       *  @return  Reference to this string.
        -: 1242:       */
        -: 1243:      basic_string&
        -: 1244:      append(const _CharT* __s)
        -: 1245:      {
        -: 1246:	__glibcxx_requires_string(__s);
        -: 1247:	const size_type __n = traits_type::length(__s);
        -: 1248:	_M_check_length(size_type(0), __n, "basic_string::append");
        -: 1249:	return _M_append(__s, __n);
        -: 1250:      }
        -: 1251:
        -: 1252:      /**
        -: 1253:       *  @brief  Append multiple characters.
        -: 1254:       *  @param __n  The number of characters to append.
        -: 1255:       *  @param __c  The character to use.
        -: 1256:       *  @return  Reference to this string.
        -: 1257:       *
        -: 1258:       *  Appends __n copies of __c to this string.
        -: 1259:       */
        -: 1260:      basic_string&
        -: 1261:      append(size_type __n, _CharT __c)
        -: 1262:      { return _M_replace_aux(this->size(), size_type(0), __n, __c); }
        -: 1263:
        -: 1264:#if __cplusplus >= 201103L
        -: 1265:      /**
        -: 1266:       *  @brief  Append an initializer_list of characters.
        -: 1267:       *  @param __l  The initializer_list of characters to append.
        -: 1268:       *  @return  Reference to this string.
        -: 1269:       */
        -: 1270:      basic_string&
        -: 1271:      append(initializer_list<_CharT> __l)
        -: 1272:      { return this->append(__l.begin(), __l.size()); }
        -: 1273:#endif // C++11
        -: 1274:
        -: 1275:      /**
        -: 1276:       *  @brief  Append a range of characters.
        -: 1277:       *  @param __first  Iterator referencing the first character to append.
        -: 1278:       *  @param __last  Iterator marking the end of the range.
        -: 1279:       *  @return  Reference to this string.
        -: 1280:       *
        -: 1281:       *  Appends characters in the range [__first,__last) to this string.
        -: 1282:       */
        -: 1283:#if __cplusplus >= 201103L
        -: 1284:      template<class _InputIterator,
        -: 1285:	       typename = std::_RequireInputIter<_InputIterator>>
        -: 1286:#else
        -: 1287:      template<class _InputIterator>
        -: 1288:#endif
        -: 1289:        basic_string&
        -: 1290:        append(_InputIterator __first, _InputIterator __last)
        -: 1291:        { return this->replace(end(), end(), __first, __last); }
        -: 1292:
        -: 1293:#if __cplusplus > 201402L
        -: 1294:      /**
        -: 1295:       *  @brief  Append a string_view.
        -: 1296:       *  @param __svt  An object convertible to string_view to be appended.
        -: 1297:       *  @return  Reference to this string.
        -: 1298:       */
        -: 1299:      template<typename _Tp>
        -: 1300:        _If_sv<_Tp, basic_string&>
        -: 1301:        append(const _Tp& __svt)
        -: 1302:        {
        -: 1303:          __sv_type __sv = __svt;
        -: 1304:          return this->append(__sv.data(), __sv.size());
        -: 1305:        }
        -: 1306:
        -: 1307:      /**
        -: 1308:       *  @brief  Append a range of characters from a string_view.
        -: 1309:       *  @param __svt  An object convertible to string_view to be appended from.
        -: 1310:       *  @param __pos The position in the string_view to append from.
        -: 1311:       *  @param __n   The number of characters to append from the string_view.
        -: 1312:       *  @return  Reference to this string.
        -: 1313:       */
        -: 1314:      template<typename _Tp>
        -: 1315:        _If_sv<_Tp, basic_string&>
        -: 1316:	append(const _Tp& __svt, size_type __pos, size_type __n = npos)
        -: 1317:	{
        -: 1318:	  __sv_type __sv = __svt;
        -: 1319:	  return _M_append(__sv.data()
        -: 1320:			   + __sv._M_check(__pos, "basic_string::append"),
        -: 1321:			   __sv._M_limit(__pos, __n));
        -: 1322:	}
        -: 1323:#endif // C++17
        -: 1324:
        -: 1325:      /**
        -: 1326:       *  @brief  Append a single character.
        -: 1327:       *  @param __c  Character to append.
        -: 1328:       */
        -: 1329:      void
        -: 1330:      push_back(_CharT __c)
        -: 1331:      {
        -: 1332:	const size_type __size = this->size();
        -: 1333:	if (__size + 1 > this->capacity())
        -: 1334:	  this->_M_mutate(__size, size_type(0), 0, size_type(1));
        -: 1335:	traits_type::assign(this->_M_data()[__size], __c);
        -: 1336:	this->_M_set_length(__size + 1);
        -: 1337:      }
        -: 1338:
        -: 1339:      /**
        -: 1340:       *  @brief  Set value to contents of another string.
        -: 1341:       *  @param  __str  Source string to use.
        -: 1342:       *  @return  Reference to this string.
        -: 1343:       */
        -: 1344:      basic_string&
        -: 1345:      assign(const basic_string& __str)
        -: 1346:      {
        -: 1347:	this->_M_assign(__str);
        -: 1348:	return *this;
        -: 1349:      }
        -: 1350:
        -: 1351:#if __cplusplus >= 201103L
        -: 1352:      /**
        -: 1353:       *  @brief  Set value to contents of another string.
        -: 1354:       *  @param  __str  Source string to use.
        -: 1355:       *  @return  Reference to this string.
        -: 1356:       *
        -: 1357:       *  This function sets this string to the exact contents of @a __str.
        -: 1358:       *  @a __str is a valid, but unspecified string.
        -: 1359:       */
        -: 1360:      basic_string&
        -: 1361:      assign(basic_string&& __str)
        -: 1362:      noexcept(_Alloc_traits::_S_nothrow_move())
        -: 1363:      {
        -: 1364:	// _GLIBCXX_RESOLVE_LIB_DEFECTS
        -: 1365:	// 2063. Contradictory requirements for string move assignment
        -: 1366:	return *this = std::move(__str);
        -: 1367:      }
        -: 1368:#endif // C++11
        -: 1369:
        -: 1370:      /**
        -: 1371:       *  @brief  Set value to a substring of a string.
        -: 1372:       *  @param __str  The string to use.
        -: 1373:       *  @param __pos  Index of the first character of str.
        -: 1374:       *  @param __n  Number of characters to use.
        -: 1375:       *  @return  Reference to this string.
        -: 1376:       *  @throw  std::out_of_range if @a pos is not a valid index.
        -: 1377:       *
        -: 1378:       *  This function sets this string to the substring of @a __str
        -: 1379:       *  consisting of @a __n characters at @a __pos.  If @a __n is
        -: 1380:       *  is larger than the number of available characters in @a
        -: 1381:       *  __str, the remainder of @a __str is used.
        -: 1382:       */
        -: 1383:      basic_string&
        -: 1384:      assign(const basic_string& __str, size_type __pos, size_type __n)
        -: 1385:      { return _M_replace(size_type(0), this->size(), __str._M_data()
        -: 1386:			  + __str._M_check(__pos, "basic_string::assign"),
        -: 1387:			  __str._M_limit(__pos, __n)); }
        -: 1388:
        -: 1389:      /**
        -: 1390:       *  @brief  Set value to a C substring.
        -: 1391:       *  @param __s  The C string to use.
        -: 1392:       *  @param __n  Number of characters to use.
        -: 1393:       *  @return  Reference to this string.
        -: 1394:       *
        -: 1395:       *  This function sets the value of this string to the first @a __n
        -: 1396:       *  characters of @a __s.  If @a __n is is larger than the number of
        -: 1397:       *  available characters in @a __s, the remainder of @a __s is used.
        -: 1398:       */
        -: 1399:      basic_string&
        -: 1400:      assign(const _CharT* __s, size_type __n)
        -: 1401:      {
        -: 1402:	__glibcxx_requires_string_len(__s, __n);
        -: 1403:	return _M_replace(size_type(0), this->size(), __s, __n);
        -: 1404:      }
        -: 1405:
        -: 1406:      /**
        -: 1407:       *  @brief  Set value to contents of a C string.
        -: 1408:       *  @param __s  The C string to use.
        -: 1409:       *  @return  Reference to this string.
        -: 1410:       *
        -: 1411:       *  This function sets the value of this string to the value of @a __s.
        -: 1412:       *  The data is copied, so there is no dependence on @a __s once the
        -: 1413:       *  function returns.
        -: 1414:       */
        -: 1415:      basic_string&
        -: 1416:      assign(const _CharT* __s)
        -: 1417:      {
        -: 1418:	__glibcxx_requires_string(__s);
        -: 1419:	return _M_replace(size_type(0), this->size(), __s,
        -: 1420:			  traits_type::length(__s));
        -: 1421:      }
        -: 1422:
        -: 1423:      /**
        -: 1424:       *  @brief  Set value to multiple characters.
        -: 1425:       *  @param __n  Length of the resulting string.
        -: 1426:       *  @param __c  The character to use.
        -: 1427:       *  @return  Reference to this string.
        -: 1428:       *
        -: 1429:       *  This function sets the value of this string to @a __n copies of
        -: 1430:       *  character @a __c.
        -: 1431:       */
        -: 1432:      basic_string&
        -: 1433:      assign(size_type __n, _CharT __c)
        -: 1434:      { return _M_replace_aux(size_type(0), this->size(), __n, __c); }
        -: 1435:
        -: 1436:      /**
        -: 1437:       *  @brief  Set value to a range of characters.
        -: 1438:       *  @param __first  Iterator referencing the first character to append.
        -: 1439:       *  @param __last  Iterator marking the end of the range.
        -: 1440:       *  @return  Reference to this string.
        -: 1441:       *
        -: 1442:       *  Sets value of string to characters in the range [__first,__last).
        -: 1443:      */
        -: 1444:#if __cplusplus >= 201103L
        -: 1445:      template<class _InputIterator,
        -: 1446:	       typename = std::_RequireInputIter<_InputIterator>>
        -: 1447:#else
        -: 1448:      template<class _InputIterator>
        -: 1449:#endif
        -: 1450:        basic_string&
        -: 1451:        assign(_InputIterator __first, _InputIterator __last)
        -: 1452:        { return this->replace(begin(), end(), __first, __last); }
        -: 1453:
        -: 1454:#if __cplusplus >= 201103L
        -: 1455:      /**
        -: 1456:       *  @brief  Set value to an initializer_list of characters.
        -: 1457:       *  @param __l  The initializer_list of characters to assign.
        -: 1458:       *  @return  Reference to this string.
        -: 1459:       */
        -: 1460:      basic_string&
        -: 1461:      assign(initializer_list<_CharT> __l)
        -: 1462:      { return this->assign(__l.begin(), __l.size()); }
        -: 1463:#endif // C++11
        -: 1464:
        -: 1465:#if __cplusplus > 201402L
        -: 1466:      /**
        -: 1467:       *  @brief  Set value from a string_view.
        -: 1468:       *  @param __svt  The source object convertible to string_view.
        -: 1469:       *  @return  Reference to this string.
        -: 1470:       */
        -: 1471:      template<typename _Tp>
        -: 1472:	_If_sv<_Tp, basic_string&>
        -: 1473:	assign(const _Tp& __svt)
        -: 1474:	{
        -: 1475:	  __sv_type __sv = __svt;
        -: 1476:	  return this->assign(__sv.data(), __sv.size());
        -: 1477:	}
        -: 1478:
        -: 1479:      /**
        -: 1480:       *  @brief  Set value from a range of characters in a string_view.
        -: 1481:       *  @param __svt  The source object convertible to string_view.
        -: 1482:       *  @param __pos  The position in the string_view to assign from.
        -: 1483:       *  @param __n  The number of characters to assign.
        -: 1484:       *  @return  Reference to this string.
        -: 1485:       */
        -: 1486:      template<typename _Tp>
        -: 1487:	_If_sv<_Tp, basic_string&>
        -: 1488:	assign(const _Tp& __svt, size_type __pos, size_type __n = npos)
        -: 1489:	{
        -: 1490:	  __sv_type __sv = __svt;
        -: 1491:	  return _M_replace(size_type(0), this->size(), __sv.data()
        -: 1492:			    + __sv._M_check(__pos, "basic_string::assign"),
        -: 1493:			    __sv._M_limit(__pos, __n));
        -: 1494:	}
        -: 1495:#endif // C++17
        -: 1496:
        -: 1497:#if __cplusplus >= 201103L
        -: 1498:      /**
        -: 1499:       *  @brief  Insert multiple characters.
        -: 1500:       *  @param __p  Const_iterator referencing location in string to
        -: 1501:       *              insert at.
        -: 1502:       *  @param __n  Number of characters to insert
        -: 1503:       *  @param __c  The character to insert.
        -: 1504:       *  @return  Iterator referencing the first inserted char.
        -: 1505:       *  @throw  std::length_error  If new length exceeds @c max_size().
        -: 1506:       *
        -: 1507:       *  Inserts @a __n copies of character @a __c starting at the
        -: 1508:       *  position referenced by iterator @a __p.  If adding
        -: 1509:       *  characters causes the length to exceed max_size(),
        -: 1510:       *  length_error is thrown.  The value of the string doesn't
        -: 1511:       *  change if an error is thrown.
        -: 1512:      */
        -: 1513:      iterator
        -: 1514:      insert(const_iterator __p, size_type __n, _CharT __c)
        -: 1515:      {
        -: 1516:	_GLIBCXX_DEBUG_PEDASSERT(__p >= begin() && __p <= end());
        -: 1517:	const size_type __pos = __p - begin();
        -: 1518:	this->replace(__p, __p, __n, __c);
        -: 1519:	return iterator(this->_M_data() + __pos);
        -: 1520:      }
        -: 1521:#else
        -: 1522:      /**
        -: 1523:       *  @brief  Insert multiple characters.
        -: 1524:       *  @param __p  Iterator referencing location in string to insert at.
        -: 1525:       *  @param __n  Number of characters to insert
        -: 1526:       *  @param __c  The character to insert.
        -: 1527:       *  @throw  std::length_error  If new length exceeds @c max_size().
        -: 1528:       *
        -: 1529:       *  Inserts @a __n copies of character @a __c starting at the
        -: 1530:       *  position referenced by iterator @a __p.  If adding
        -: 1531:       *  characters causes the length to exceed max_size(),
        -: 1532:       *  length_error is thrown.  The value of the string doesn't
        -: 1533:       *  change if an error is thrown.
        -: 1534:      */
        -: 1535:      void
        -: 1536:      insert(iterator __p, size_type __n, _CharT __c)
        -: 1537:      {	this->replace(__p, __p, __n, __c);  }
        -: 1538:#endif
        -: 1539:
        -: 1540:#if __cplusplus >= 201103L
        -: 1541:      /**
        -: 1542:       *  @brief  Insert a range of characters.
        -: 1543:       *  @param __p  Const_iterator referencing location in string to
        -: 1544:       *              insert at.
        -: 1545:       *  @param __beg  Start of range.
        -: 1546:       *  @param __end  End of range.
        -: 1547:       *  @return  Iterator referencing the first inserted char.
        -: 1548:       *  @throw  std::length_error  If new length exceeds @c max_size().
        -: 1549:       *
        -: 1550:       *  Inserts characters in range [beg,end).  If adding characters
        -: 1551:       *  causes the length to exceed max_size(), length_error is
        -: 1552:       *  thrown.  The value of the string doesn't change if an error
        -: 1553:       *  is thrown.
        -: 1554:      */
        -: 1555:      template<class _InputIterator,
        -: 1556:	       typename = std::_RequireInputIter<_InputIterator>>
        -: 1557:	iterator
        -: 1558:        insert(const_iterator __p, _InputIterator __beg, _InputIterator __end)
        -: 1559:        {
        -: 1560:	  _GLIBCXX_DEBUG_PEDASSERT(__p >= begin() && __p <= end());
        -: 1561:	  const size_type __pos = __p - begin();
        -: 1562:	  this->replace(__p, __p, __beg, __end);
        -: 1563:	  return iterator(this->_M_data() + __pos);
        -: 1564:	}
        -: 1565:#else
        -: 1566:      /**
        -: 1567:       *  @brief  Insert a range of characters.
        -: 1568:       *  @param __p  Iterator referencing location in string to insert at.
        -: 1569:       *  @param __beg  Start of range.
        -: 1570:       *  @param __end  End of range.
        -: 1571:       *  @throw  std::length_error  If new length exceeds @c max_size().
        -: 1572:       *
        -: 1573:       *  Inserts characters in range [__beg,__end).  If adding
        -: 1574:       *  characters causes the length to exceed max_size(),
        -: 1575:       *  length_error is thrown.  The value of the string doesn't
        -: 1576:       *  change if an error is thrown.
        -: 1577:      */
        -: 1578:      template<class _InputIterator>
        -: 1579:        void
        -: 1580:        insert(iterator __p, _InputIterator __beg, _InputIterator __end)
        -: 1581:        { this->replace(__p, __p, __beg, __end); }
        -: 1582:#endif
        -: 1583:
        -: 1584:#if __cplusplus >= 201103L
        -: 1585:      /**
        -: 1586:       *  @brief  Insert an initializer_list of characters.
        -: 1587:       *  @param __p  Iterator referencing location in string to insert at.
[...]
        -: 6272:
        -: 6273:  /**
        -: 6274:   *  @brief  Write string to a stream.
        -: 6275:   *  @param __os  Output stream.
        -: 6276:   *  @param __str  String to write out.
        -: 6277:   *  @return  Reference to the output stream.
        -: 6278:   *
        -: 6279:   *  Output characters of @a __str into os following the same rules as for
        -: 6280:   *  writing a C string.
        -: 6281:   */
        -: 6282:  template<typename _CharT, typename _Traits, typename _Alloc>
        -: 6283:    inline basic_ostream<_CharT, _Traits>&
        -: 6284:    operator<<(basic_ostream<_CharT, _Traits>& __os,
        -: 6285:	       const basic_string<_CharT, _Traits, _Alloc>& __str)
        -: 6286:    {
        -: 6287:      // _GLIBCXX_RESOLVE_LIB_DEFECTS
        -: 6288:      // 586. string inserter not a formatted function
        -: 6289:      return __ostream_insert(__os, __str.data(), __str.size());
        -: 6290:    }
        -: 6291:
        -: 6292:  /**
        -: 6293:   *  @brief  Read a line from stream into a string.
        -: 6294:   *  @param __is  Input stream.
        -: 6295:   *  @param __str  Buffer to store into.
        -: 6296:   *  @param __delim  Character marking end of line.
        -: 6297:   *  @return  Reference to the input stream.
        -: 6298:   *
        -: 6299:   *  Stores characters from @a __is into @a __str until @a __delim is
        -: 6300:   *  found, the end of the stream is encountered, or str.max_size()
        -: 6301:   *  is reached.  Any previous contents of @a __str are erased.  If
        -: 6302:   *  @a __delim is encountered, it is extracted but not stored into
        -: 6303:   *  @a __str.
        -: 6304:   */
        -: 6305:  template<typename _CharT, typename _Traits, typename _Alloc>
        -: 6306:    basic_istream<_CharT, _Traits>&
        -: 6307:    getline(basic_istream<_CharT, _Traits>& __is,
        -: 6308:	    basic_string<_CharT, _Traits, _Alloc>& __str, _CharT __delim);
        -: 6309:
        -: 6310:  /**
        -: 6311:   *  @brief  Read a line from stream into a string.
        -: 6312:   *  @param __is  Input stream.
        -: 6313:   *  @param __str  Buffer to store into.
        -: 6314:   *  @return  Reference to the input stream.
        -: 6315:   *
        -: 6316:   *  Stores characters from is into @a __str until &apos;\n&apos; is
        -: 6317:   *  found, the end of the stream is encountered, or str.max_size()
        -: 6318:   *  is reached.  Any previous contents of @a __str are erased.  If
        -: 6319:   *  end of line is encountered, it is extracted but not stored into
        -: 6320:   *  @a __str.
        -: 6321:   */
        -: 6322:  template<typename _CharT, typename _Traits, typename _Alloc>
        -: 6323:    inline basic_istream<_CharT, _Traits>&
        -: 6324:    getline(basic_istream<_CharT, _Traits>& __is,
        -: 6325:	    basic_string<_CharT, _Traits, _Alloc>& __str)
        -: 6326:    { return std::getline(__is, __str, __is.widen('\n')); }
        -: 6327:
        -: 6328:#if __cplusplus >= 201103L
        -: 6329:  /// Read a line from an rvalue stream into a string.
        -: 6330:  template<typename _CharT, typename _Traits, typename _Alloc>
        -: 6331:    inline basic_istream<_CharT, _Traits>&
        -: 6332:    getline(basic_istream<_CharT, _Traits>&& __is,
        -: 6333:	    basic_string<_CharT, _Traits, _Alloc>& __str, _CharT __delim)
        -: 6334:    { return std::getline(__is, __str, __delim); }
        -: 6335:
        -: 6336:  /// Read a line from an rvalue stream into a string.
        -: 6337:  template<typename _CharT, typename _Traits, typename _Alloc>
        -: 6338:    inline basic_istream<_CharT, _Traits>&
        -: 6339:    getline(basic_istream<_CharT, _Traits>&& __is,
        -: 6340:	    basic_string<_CharT, _Traits, _Alloc>& __str)
        -: 6341:    { return std::getline(__is, __str); }
        -: 6342:#endif
        -: 6343:
        -: 6344:  template<>
        -: 6345:    basic_istream<char>&
        -: 6346:    getline(basic_istream<char>& __in, basic_string<char>& __str,
        -: 6347:	    char __delim);
        -: 6348:
        -: 6349:#ifdef _GLIBCXX_USE_WCHAR_T
        -: 6350:  template<>
        -: 6351:    basic_istream<wchar_t>&
        -: 6352:    getline(basic_istream<wchar_t>& __in, basic_string<wchar_t>& __str,
        -: 6353:	    wchar_t __delim);
        -: 6354:#endif  
        -: 6355:
        -: 6356:_GLIBCXX_END_NAMESPACE_VERSION
        -: 6357:} // namespace
        -: 6358:
        -: 6359:#if __cplusplus >= 201103L
        -: 6360:
        -: 6361:#include <ext/string_conversions.h>
        -: 6362:
        -: 6363:namespace std _GLIBCXX_VISIBILITY(default)
        -: 6364:{
        -: 6365:_GLIBCXX_BEGIN_NAMESPACE_VERSION
        -: 6366:_GLIBCXX_BEGIN_NAMESPACE_CXX11
        -: 6367:
        -: 6368:#if _GLIBCXX_USE_C99_STDLIB
        -: 6369:  // 21.4 Numeric Conversions [string.conversions].
        -: 6370:  inline int
        -: 6371:  stoi(const string& __str, size_t* __idx = 0, int __base = 10)
        -: 6372:  { return __gnu_cxx::__stoa<long, int>(&std::strtol, "stoi", __str.c_str(),
        -: 6373:					__idx, __base); }
        -: 6374:
        -: 6375:  inline long
        -: 6376:  stol(const string& __str, size_t* __idx = 0, int __base = 10)
        -: 6377:  { return __gnu_cxx::__stoa(&std::strtol, "stol", __str.c_str(),
        -: 6378:			     __idx, __base); }
        -: 6379:
        -: 6380:  inline unsigned long
        -: 6381:  stoul(const string& __str, size_t* __idx = 0, int __base = 10)
        -: 6382:  { return __gnu_cxx::__stoa(&std::strtoul, "stoul", __str.c_str(),
        -: 6383:			     __idx, __base); }
        -: 6384:
        -: 6385:  inline long long
        -: 6386:  stoll(const string& __str, size_t* __idx = 0, int __base = 10)
        -: 6387:  { return __gnu_cxx::__stoa(&std::strtoll, "stoll", __str.c_str(),
        -: 6388:			     __idx, __base); }
        -: 6389:
        -: 6390:  inline unsigned long long
        -: 6391:  stoull(const string& __str, size_t* __idx = 0, int __base = 10)
        -: 6392:  { return __gnu_cxx::__stoa(&std::strtoull, "stoull", __str.c_str(),
        -: 6393:			     __idx, __base); }
        -: 6394:
        -: 6395:  // NB: strtof vs strtod.
        -: 6396:  inline float
        -: 6397:  stof(const string& __str, size_t* __idx = 0)
        -: 6398:  { return __gnu_cxx::__stoa(&std::strtof, "stof", __str.c_str(), __idx); }
        -: 6399:
        -: 6400:  inline double
        -: 6401:  stod(const string& __str, size_t* __idx = 0)
        -: 6402:  { return __gnu_cxx::__stoa(&std::strtod, "stod", __str.c_str(), __idx); }
        -: 6403:
        -: 6404:  inline long double
        -: 6405:  stold(const string& __str, size_t* __idx = 0)
        -: 6406:  { return __gnu_cxx::__stoa(&std::strtold, "stold", __str.c_str(), __idx); }
        -: 6407:#endif // _GLIBCXX_USE_C99_STDLIB
        -: 6408:
        -: 6409:#if _GLIBCXX_USE_C99_STDIO
        -: 6410:  // NB: (v)snprintf vs sprintf.
        -: 6411:
        -: 6412:  // DR 1261.
        -: 6413:  inline string
        -: 6414:  to_string(int __val)
        -: 6415:  { return __gnu_cxx::__to_xstring<string>(&std::vsnprintf, 4 * sizeof(int),
        -: 6416:					   "%d", __val); }
        -: 6417:
        -: 6418:  inline string
        -: 6419:  to_string(unsigned __val)
        -: 6420:  { return __gnu_cxx::__to_xstring<string>(&std::vsnprintf,
        -: 6421:					   4 * sizeof(unsigned),
        -: 6422:					   "%u", __val); }
        -: 6423:
        -: 6424:  inline string
        -: 6425:  to_string(long __val)
        -: 6426:  { return __gnu_cxx::__to_xstring<string>(&std::vsnprintf, 4 * sizeof(long),
        -: 6427:					   "%ld", __val); }
        -: 6428:
        -: 6429:  inline string
        -: 6430:  to_string(unsigned long __val)
        -: 6431:  { return __gnu_cxx::__to_xstring<string>(&std::vsnprintf,
        -: 6432:					   4 * sizeof(unsigned long),
        -: 6433:					   "%lu", __val); }
        -: 6434:
        -: 6435:  inline string
        -: 6436:  to_string(long long __val)
        -: 6437:  { return __gnu_cxx::__to_xstring<string>(&std::vsnprintf,
        -: 6438:					   4 * sizeof(long long),
        -: 6439:					   "%lld", __val); }
        -: 6440:
        -: 6441:  inline string
        -: 6442:  to_string(unsigned long long __val)
        -: 6443:  { return __gnu_cxx::__to_xstring<string>(&std::vsnprintf,
        -: 6444:					   4 * sizeof(unsigned long long),
        -: 6445:					   "%llu", __val); }
        -: 6446:
        -: 6447:  inline string
        -: 6448:  to_string(float __val)
        -: 6449:  {
        -: 6450:    const int __n = 
        -: 6451:      __gnu_cxx::__numeric_traits<float>::__max_exponent10 + 20;
        -: 6452:    return __gnu_cxx::__to_xstring<string>(&std::vsnprintf, __n,
        -: 6453:					   "%f", __val);
        -: 6454:  }
        -: 6455:
        -: 6456:  inline string
        -: 6457:  to_string(double __val)
        -: 6458:  {
        -: 6459:    const int __n = 
        -: 6460:      __gnu_cxx::__numeric_traits<double>::__max_exponent10 + 20;
        -: 6461:    return __gnu_cxx::__to_xstring<string>(&std::vsnprintf, __n,
        -: 6462:					   "%f", __val);
        -: 6463:  }
        -: 6464:
        -: 6465:  inline string
        -: 6466:  to_string(long double __val)
        -: 6467:  {
        -: 6468:    const int __n = 
        -: 6469:      __gnu_cxx::__numeric_traits<long double>::__max_exponent10 + 20;
        -: 6470:    return __gnu_cxx::__to_xstring<string>(&std::vsnprintf, __n,
        -: 6471:					   "%Lf", __val);
        -: 6472:  }
        -: 6473:#endif // _GLIBCXX_USE_C99_STDIO
        -: 6474:
        -: 6475:#if defined(_GLIBCXX_USE_WCHAR_T) && _GLIBCXX_USE_C99_WCHAR
        -: 6476:  inline int 
        -: 6477:  stoi(const wstring& __str, size_t* __idx = 0, int __base = 10)
        -: 6478:  { return __gnu_cxx::__stoa<long, int>(&std::wcstol, "stoi", __str.c_str(),
        -: 6479:					__idx, __base); }
        -: 6480:
        -: 6481:  inline long 
        -: 6482:  stol(const wstring& __str, size_t* __idx = 0, int __base = 10)
        -: 6483:  { return __gnu_cxx::__stoa(&std::wcstol, "stol", __str.c_str(),
        -: 6484:			     __idx, __base); }
        -: 6485:
        -: 6486:  inline unsigned long
        -: 6487:  stoul(const wstring& __str, size_t* __idx = 0, int __base = 10)
        -: 6488:  { return __gnu_cxx::__stoa(&std::wcstoul, "stoul", __str.c_str(),
        -: 6489:			     __idx, __base); }
        -: 6490:
        -: 6491:  inline long long
        -: 6492:  stoll(const wstring& __str, size_t* __idx = 0, int __base = 10)
        -: 6493:  { return __gnu_cxx::__stoa(&std::wcstoll, "stoll", __str.c_str(),
        -: 6494:			     __idx, __base); }
        -: 6495:
        -: 6496:  inline unsigned long long
        -: 6497:  stoull(const wstring& __str, size_t* __idx = 0, int __base = 10)
        -: 6498:  { return __gnu_cxx::__stoa(&std::wcstoull, "stoull", __str.c_str(),
        -: 6499:			     __idx, __base); }
        -: 6500:
        -: 6501:  // NB: wcstof vs wcstod.
        -: 6502:  inline float
        -: 6503:  stof(const wstring& __str, size_t* __idx = 0)
        -: 6504:  { return __gnu_cxx::__stoa(&std::wcstof, "stof", __str.c_str(), __idx); }
        -: 6505:
        -: 6506:  inline double
        -: 6507:  stod(const wstring& __str, size_t* __idx = 0)
        -: 6508:  { return __gnu_cxx::__stoa(&std::wcstod, "stod", __str.c_str(), __idx); }
        -: 6509:
        -: 6510:  inline long double
        -: 6511:  stold(const wstring& __str, size_t* __idx = 0)
        -: 6512:  { return __gnu_cxx::__stoa(&std::wcstold, "stold", __str.c_str(), __idx); }
        -: 6513:
        -: 6514:#ifndef _GLIBCXX_HAVE_BROKEN_VSWPRINTF
        -: 6515:  // DR 1261.
        -: 6516:  inline wstring
        -: 6517:  to_wstring(int __val)
        -: 6518:  { return __gnu_cxx::__to_xstring<wstring>(&std::vswprintf, 4 * sizeof(int),
        -: 6519:					    L"%d", __val); }
        -: 6520:
        -: 6521:  inline wstring
        -: 6522:  to_wstring(unsigned __val)
        -: 6523:  { return __gnu_cxx::__to_xstring<wstring>(&std::vswprintf,
        -: 6524:					    4 * sizeof(unsigned),
        -: 6525:					    L"%u", __val); }
        -: 6526:
        -: 6527:  inline wstring
        -: 6528:  to_wstring(long __val)
        -: 6529:  { return __gnu_cxx::__to_xstring<wstring>(&std::vswprintf, 4 * sizeof(long),
        -: 6530:					    L"%ld", __val); }
        -: 6531:
        -: 6532:  inline wstring
        -: 6533:  to_wstring(unsigned long __val)
        -: 6534:  { return __gnu_cxx::__to_xstring<wstring>(&std::vswprintf,
        -: 6535:					    4 * sizeof(unsigned long),
        -: 6536:					    L"%lu", __val); }
        -: 6537:
        -: 6538:  inline wstring
        -: 6539:  to_wstring(long long __val)
        -: 6540:  { return __gnu_cxx::__to_xstring<wstring>(&std::vswprintf,
        -: 6541:					    4 * sizeof(long long),
        -: 6542:					    L"%lld", __val); }
        -: 6543:
        -: 6544:  inline wstring
        -: 6545:  to_wstring(unsigned long long __val)
        -: 6546:  { return __gnu_cxx::__to_xstring<wstring>(&std::vswprintf,
        -: 6547:					    4 * sizeof(unsigned long long),
        -: 6548:					    L"%llu", __val); }
        -: 6549:
        -: 6550:  inline wstring
        -: 6551:  to_wstring(float __val)
        -: 6552:  {
        -: 6553:    const int __n =
        -: 6554:      __gnu_cxx::__numeric_traits<float>::__max_exponent10 + 20;
        -: 6555:    return __gnu_cxx::__to_xstring<wstring>(&std::vswprintf, __n,
        -: 6556:					    L"%f", __val);
        -: 6557:  }
        -: 6558:
        -: 6559:  inline wstring
        -: 6560:  to_wstring(double __val)
        -: 6561:  {
        -: 6562:    const int __n =
        -: 6563:      __gnu_cxx::__numeric_traits<double>::__max_exponent10 + 20;
        -: 6564:    return __gnu_cxx::__to_xstring<wstring>(&std::vswprintf, __n,
        -: 6565:					    L"%f", __val);
        -: 6566:  }
        -: 6567:
        -: 6568:  inline wstring
        -: 6569:  to_wstring(long double __val)
        -: 6570:  {
        -: 6571:    const int __n =
        -: 6572:      __gnu_cxx::__numeric_traits<long double>::__max_exponent10 + 20;
        -: 6573:    return __gnu_cxx::__to_xstring<wstring>(&std::vswprintf, __n,
        -: 6574:					    L"%Lf", __val);
        -: 6575:  }
        -: 6576:#endif // _GLIBCXX_HAVE_BROKEN_VSWPRINTF
        -: 6577:#endif // _GLIBCXX_USE_WCHAR_T && _GLIBCXX_USE_C99_WCHAR
        -: 6578:
        -: 6579:_GLIBCXX_END_NAMESPACE_CXX11
        -: 6580:_GLIBCXX_END_NAMESPACE_VERSION
        -: 6581:} // namespace
        -: 6582:
        -: 6583:#endif /* C++11 */
        -: 6584:
        -: 6585:#if __cplusplus >= 201103L
        -: 6586:
        -: 6587:#include <bits/functional_hash.h>
        -: 6588:
        -: 6589:namespace std _GLIBCXX_VISIBILITY(default)
        -: 6590:{
        -: 6591:_GLIBCXX_BEGIN_NAMESPACE_VERSION
        -: 6592:
        -: 6593:  // DR 1182.
        -: 6594:
        -: 6595:#ifndef _GLIBCXX_COMPATIBILITY_CXX0X
        -: 6596:  /// std::hash specialization for string.
        -: 6597:  template<>
        -: 6598:    struct hash<string>
        -: 6599:    : public __hash_base<size_t, string>
        -: 6600:    {
        -: 6601:      size_t
        -: 6602:      operator()(const string& __s) const noexcept
        -: 6603:      { return std::_Hash_impl::hash(__s.data(), __s.length()); }
        -: 6604:    };
        -: 6605:
        -: 6606:  template<>
        -: 6607:    struct __is_fast_hash<hash<string>> : std::false_type
        -: 6608:    { };
        -: 6609:
        -: 6610:#ifdef _GLIBCXX_USE_WCHAR_T
        -: 6611:  /// std::hash specialization for wstring.
        -: 6612:  template<>
        -: 6613:    struct hash<wstring>
        -: 6614:    : public __hash_base<size_t, wstring>
        -: 6615:    {
        -: 6616:      size_t
        -: 6617:      operator()(const wstring& __s) const noexcept
        -: 6618:      { return std::_Hash_impl::hash(__s.data(),
        -: 6619:                                     __s.length() * sizeof(wchar_t)); }
        -: 6620:    };
        -: 6621:
        -: 6622:  template<>
        -: 6623:    struct __is_fast_hash<hash<wstring>> : std::false_type
        -: 6624:    { };
        -: 6625:#endif
        -: 6626:#endif /* _GLIBCXX_COMPATIBILITY_CXX0X */
        -: 6627:
        -: 6628:#ifdef _GLIBCXX_USE_C99_STDINT_TR1
        -: 6629:  /// std::hash specialization for u16string.
        -: 6630:  template<>
        -: 6631:    struct hash<u16string>
        -: 6632:    : public __hash_base<size_t, u16string>
        -: 6633:    {
        -: 6634:      size_t
        -: 6635:      operator()(const u16string& __s) const noexcept
        -: 6636:      { return std::_Hash_impl::hash(__s.data(),
        -: 6637:                                     __s.length() * sizeof(char16_t)); }
        -: 6638:    };
        -: 6639:
        -: 6640:  template<>
        -: 6641:    struct __is_fast_hash<hash<u16string>> : std::false_type
        -: 6642:    { };
        -: 6643:
        -: 6644:  /// std::hash specialization for u32string.
        -: 6645:  template<>
        -: 6646:    struct hash<u32string>
        -: 6647:    : public __hash_base<size_t, u32string>
        -: 6648:    {
        -: 6649:      size_t
        -: 6650:      operator()(const u32string& __s) const noexcept
        -: 6651:      { return std::_Hash_impl::hash(__s.data(),
        -: 6652:                                     __s.length() * sizeof(char32_t)); }
        -: 6653:    };
        -: 6654:
        -: 6655:  template<>
        -: 6656:    struct __is_fast_hash<hash<u32string>> : std::false_type
        -: 6657:    { };
        -: 6658:#endif
        -: 6659:
        -: 6660:#if __cplusplus > 201103L
        -: 6661:
        -: 6662:#define __cpp_lib_string_udls 201304
        -: 6663:
        -: 6664:  inline namespace literals
        -: 6665:  {
        -: 6666:  inline namespace string_literals
        -: 6667:  {
        -: 6668:#pragma GCC diagnostic push
        -: 6669:#pragma GCC diagnostic ignored "-Wliteral-suffix"
        -: 6670:    _GLIBCXX_DEFAULT_ABI_TAG
        -: 6671:    inline basic_string<char>
        -: 6672:    operator""s(const char* __str, size_t __len)
        -: 6673:    { return basic_string<char>{__str, __len}; }
        -: 6674:
        -: 6675:#ifdef _GLIBCXX_USE_WCHAR_T
        -: 6676:    _GLIBCXX_DEFAULT_ABI_TAG
        -: 6677:    inline basic_string<wchar_t>
        -: 6678:    operator""s(const wchar_t* __str, size_t __len)
        -: 6679:    { return basic_string<wchar_t>{__str, __len}; }
        -: 6680:#endif
        -: 6681:
        -: 6682:#ifdef _GLIBCXX_USE_C99_STDINT_TR1
        -: 6683:    _GLIBCXX_DEFAULT_ABI_TAG
        -: 6684:    inline basic_string<char16_t>
        -: 6685:    operator""s(const char16_t* __str, size_t __len)
        -: 6686:    { return basic_string<char16_t>{__str, __len}; }
        -: 6687:
        -: 6688:    _GLIBCXX_DEFAULT_ABI_TAG
        -: 6689:    inline basic_string<char32_t>
        -: 6690:    operator""s(const char32_t* __str, size_t __len)
        -: 6691:    { return basic_string<char32_t>{__str, __len}; }
        -: 6692:#endif
        -: 6693:
        -: 6694:#pragma GCC diagnostic pop
        -: 6695:  } // inline namespace string_literals
        -: 6696:  } // inline namespace literals
        -: 6697:
        -: 6698:#endif // __cplusplus > 201103L
        -: 6699:
        -: 6700:_GLIBCXX_END_NAMESPACE_VERSION
        -: 6701:} // namespace std
        -: 6702:
        -: 6703:#endif // C++11
        -: 6704:
        -: 6705:#endif /* _BASIC_STRING_H */
