        -:    0:Source:D:/Moveable-Personal/CS Work/College/Facultate/Sem II/OOP/Laboratories/a5-6-iuliagroza/domain/Movie.cpp
        -:    0:Graph:D:\Moveable-Personal\CS Work\College\Facultate\Sem II\OOP\Laboratories\a5-6-iuliagroza\cmake-build-debug-coverage\CMakeFiles\a5_6_iuliagroza.dir\domain\Movie.cpp.gcno
        -:    0:Data:D:\Moveable-Personal\CS Work\College\Facultate\Sem II\OOP\Laboratories\a5-6-iuliagroza\cmake-build-debug-coverage\CMakeFiles\a5_6_iuliagroza.dir\domain\Movie.cpp.gcda
        -:    0:Runs:1
        -:    0:Programs:1
        -:    1:#include "Movie.h"
        -:    2:
        -:    3:#include <string>
        -:    4:#include <sstream>
        -:    5:
function _ZN5MovieC2ENSt7__cxx1112basic_stringIcSt11char_traitsIcESaIcEEES5_iiS5_ called 41 returned 100% blocks executed 62%
       41:    6:Movie::Movie(string title, string genre, int year_of_release, int number_of_likes, string trailer) {
       41:    6-block  0
call    0 returned 41
call    1 returned 41
call    2 returned 41
    $$$$$:    6-block  1
call    3 never executed
    $$$$$:    6-block  2
call    4 never executed
    $$$$$:    6-block  3
call    5 never executed
       41:    7:    this->title = title;
call    0 returned 41
branch  1 taken 41 (fallthrough)
branch  2 taken 0 (throw)
       41:    8:    this->genre = genre;
       41:    8-block  0
call    0 returned 41
branch  1 taken 41 (fallthrough)
branch  2 taken 0 (throw)
       41:    9:    this->year_of_release = year_of_release;
       41:   10:    this->number_of_likes = number_of_likes;
       41:   11:    this->trailer = trailer;
       41:   11-block  0
call    0 returned 41
branch  1 taken 41 (fallthrough)
branch  2 taken 0 (throw)
        -:   12:
        -:   13:
       41:   14:}
       41:   14-block  0
        -:   15:
function _ZN5MovieC2Ev called 1534 returned 100% blocks executed 62%
     1534:   16:Movie::Movie() {
     1534:   16-block  0
call    0 returned 1534
call    1 returned 1534
call    2 returned 1534
    $$$$$:   16-block  1
call    3 never executed
    $$$$$:   16-block  2
call    4 never executed
    $$$$$:   16-block  3
call    5 never executed
     1534:   17:    this->title = "";
call    0 returned 1534
branch  1 taken 1534 (fallthrough)
branch  2 taken 0 (throw)
     1534:   18:    this->genre = "";
     1534:   18-block  0
call    0 returned 1534
branch  1 taken 1534 (fallthrough)
branch  2 taken 0 (throw)
     1534:   19:    this->year_of_release = 0;
     1534:   20:    this->trailer = "";
     1534:   20-block  0
call    0 returned 1534
branch  1 taken 1534 (fallthrough)
branch  2 taken 0 (throw)
     1534:   21:}
     1534:   21-block  0
        -:   22:
function _ZNK5Movie9get_titleB5cxx11Ev called 3 returned 100% blocks executed 100%
        3:   23:string Movie::get_title() const {
        3:   24:    return this->title;
        3:   24-block  0
call    0 returned 3
        -:   25:}
        -:   26:
function _ZNK5Movie9get_genreB5cxx11Ev called 10 returned 100% blocks executed 100%
       10:   27:string Movie::get_genre() const {
       10:   28:    return this->genre;
       10:   28-block  0
call    0 returned 10
        -:   29:}
        -:   30:
function _ZNK5Movie19get_year_of_releaseEv called 2 returned 100% blocks executed 100%
        2:   31:int Movie::get_year_of_release() const {
        2:   32:    return this->year_of_release;
        2:   32-block  0
        -:   33:}
        -:   34:
function _ZNK5Movie19get_number_of_likesEv called 2 returned 100% blocks executed 100%
        2:   35:int Movie::get_number_of_likes() const {
        2:   36:    return this->number_of_likes;
        2:   36-block  0
        -:   37:}
        -:   38:
function _ZNK5Movie11get_trailerB5cxx11Ev called 171 returned 100% blocks executed 100%
      171:   39:string Movie::get_trailer() const {
      171:   40:    return this->trailer;
      171:   40-block  0
call    0 returned 171
        -:   41:}
        -:   42:
function _ZN5Movie6to_strB5cxx11Ev called 17 returned 100% blocks executed 92%
       17:   43:string Movie::to_str() {
       34:   44:    ostringstream output;
       17:   44-block  0
call    0 returned 17
branch  1 taken 17 (fallthrough)
branch  2 taken 0 (throw)
       17:   44-block  1
call    3 returned 17
    $$$$$:   44-block  2
call    4 never executed
        -:   45:
       17:   46:    output << "Title: " << this->title << "; ";
       17:   46-block  0
call    0 returned 17
branch  1 taken 17 (fallthrough)
branch  2 taken 0 (throw)
       17:   46-block  1
call    3 returned 17
branch  4 taken 17 (fallthrough)
branch  5 taken 0 (throw)
       17:   46-block  2
call    6 returned 17
branch  7 taken 17 (fallthrough)
branch  8 taken 0 (throw)
       17:   47:    output << "Genre: " << this->genre << "; ";
       17:   47-block  0
call    0 returned 17
branch  1 taken 17 (fallthrough)
branch  2 taken 0 (throw)
       17:   47-block  1
call    3 returned 17
branch  4 taken 17 (fallthrough)
branch  5 taken 0 (throw)
       17:   47-block  2
call    6 returned 17
branch  7 taken 17 (fallthrough)
branch  8 taken 0 (throw)
       17:   48:    output << "Year of release: " << this->year_of_release << "; ";
       17:   48-block  0
call    0 returned 17
branch  1 taken 17 (fallthrough)
branch  2 taken 0 (throw)
       17:   48-block  1
call    3 returned 17
branch  4 taken 17 (fallthrough)
branch  5 taken 0 (throw)
       17:   48-block  2
call    6 returned 17
branch  7 taken 17 (fallthrough)
branch  8 taken 0 (throw)
       17:   49:    output << "Number of likes: " << this->number_of_likes << "; ";
       17:   49-block  0
call    0 returned 17
branch  1 taken 17 (fallthrough)
branch  2 taken 0 (throw)
       17:   49-block  1
call    3 returned 17
branch  4 taken 17 (fallthrough)
branch  5 taken 0 (throw)
       17:   49-block  2
call    6 returned 17
branch  7 taken 17 (fallthrough)
branch  8 taken 0 (throw)
       17:   50:    output << "Trailer link: " << this->trailer << "\n";
       17:   50-block  0
call    0 returned 17
branch  1 taken 17 (fallthrough)
branch  2 taken 0 (throw)
       17:   50-block  1
call    3 returned 17
branch  4 taken 17 (fallthrough)
branch  5 taken 0 (throw)
       17:   50-block  2
call    6 returned 17
branch  7 taken 17 (fallthrough)
branch  8 taken 0 (throw)
        -:   51:
       34:   52:    return output.str();
       17:   52-block  0
call    0 returned 17
branch  1 taken 17 (fallthrough)
branch  2 taken 0 (throw)
       17:   52-block  1
       17:   52-block  2
        -:   53:}
        -:   54:
function _ZN5MovieaSERKS_ called 1109 returned 100% blocks executed 100%
     1109:   55:Movie &Movie::operator=(const Movie &movie) {
     1109:   56:    if (this == &movie)
     1109:   56-block  0
branch  0 taken 1 (fallthrough)
branch  1 taken 1108
        1:   57:        return *this;
        1:   57-block  0
        -:   58:
     1108:   59:    this->title = movie.title;
     1108:   59-block  0
call    0 returned 1108
     1108:   60:    this->genre = movie.genre;
call    0 returned 1108
     1108:   61:    this->year_of_release = movie.year_of_release;
     1108:   62:    this->number_of_likes = movie.number_of_likes;
     1108:   63:    this->trailer = movie.trailer;
call    0 returned 1108
        -:   64:
     1108:   65:    return *this;
        -:   66:}
