        -:    0:Source:D:/Moveable-Personal/CS Work/College/Facultate/Sem II/OOP/Laboratories/a5-6-iuliagroza/repository/UserRepository.cpp
        -:    0:Graph:D:\Moveable-Personal\CS Work\College\Facultate\Sem II\OOP\Laboratories\a5-6-iuliagroza\cmake-build-debug-coverage\CMakeFiles\a5_6_iuliagroza.dir\repository\UserRepository.cpp.gcno
        -:    0:Data:D:\Moveable-Personal\CS Work\College\Facultate\Sem II\OOP\Laboratories\a5-6-iuliagroza\cmake-build-debug-coverage\CMakeFiles\a5_6_iuliagroza.dir\repository\UserRepository.cpp.gcda
        -:    0:Runs:1
        -:    0:Programs:1
        -:    1:#include "UserRepository.h"
        -:    2:
function _ZN14UserRepository8get_sizeEv called 13 returned 100% blocks executed 100%
       13:    3:int UserRepository::get_size() {
       13:    4:    return this->watchlist.get_size();
       13:    4-block  0
call    0 returned 13
        -:    5:}
        -:    6:
function _ZN14UserRepository13get_watchlistEv called 5 returned 100% blocks executed 100%
        5:    7:DynamicArray<Movie> UserRepository::get_watchlist() {
        5:    8:    return this->watchlist;
        5:    8-block  0
call    0 returned 5
        -:    9:}
        -:   10:
function _ZN14UserRepository9add_movieE5Movie called 5 returned 100% blocks executed 100%
        5:   11:void UserRepository::add_movie(Movie movie) {
        5:   12:    this->watchlist.add(movie);
        5:   12-block  0
call    0 returned 5
        5:   13:}
        -:   14:
function _ZN14UserRepository12remove_movieE5Movie called 6 returned 100% blocks executed 82%
        6:   15:bool UserRepository::remove_movie(Movie movie) {
        6:   16:    int position = find_movie(movie);
        6:   16-block  0
call    0 returned 6
call    1 returned 6
branch  2 taken 6 (fallthrough)
branch  3 taken 0 (throw)
        6:   16-block  1
call    4 returned 6
    $$$$$:   16-block  2
call    5 never executed
        6:   17:    if (position == -1) {
branch  0 taken 3 (fallthrough)
branch  1 taken 3
        3:   18:        return false;
        3:   18-block  0
        -:   19:    }
        -:   20:
        3:   21:    this->watchlist.remove(position);
        3:   21-block  0
call    0 returned 3
        3:   22:    return true;
        -:   23:}
        -:   24:
function _ZN14UserRepository12update_movieE5MovieS0_ called 5 returned 100% blocks executed 78%
        5:   25:void UserRepository::update_movie(Movie movie, Movie new_movie) {
        5:   26:    int position = find_movie(movie);
        5:   26-block  0
call    0 returned 5
call    1 returned 5
branch  2 taken 5 (fallthrough)
branch  3 taken 0 (throw)
        5:   26-block  1
call    4 returned 5
    $$$$$:   26-block  2
call    5 never executed
        5:   27:    if (position != -1) {
branch  0 taken 2 (fallthrough)
branch  1 taken 3
        2:   28:        this->watchlist.update(position, new_movie);
        2:   28-block  0
call    0 returned 2
        -:   29:    }
        5:   30:}
        5:   30-block  0
        -:   31:
function _ZN14UserRepository10find_movieE5Movie called 19 returned 100% blocks executed 86%
       19:   32:int UserRepository::find_movie(Movie movie) {
       30:   33:    for (int i = 0; i < this->watchlist.get_size(); i++) {
       19:   33-block  0
       30:   33-block  1
call    0 returned 30
branch  1 taken 16 (fallthrough)
branch  2 taken 14
       11:   33-block  2
       16:   34:        if (this->watchlist.get_element(i) == movie) {
       16:   34-block  0
call    0 returned 16
call    1 returned 16
branch  2 taken 16 (fallthrough)
branch  3 taken 0 (throw)
       16:   34-block  1
call    4 returned 16
branch  5 taken 5 (fallthrough)
branch  6 taken 11
    $$$$$:   34-block  2
call    7 never executed
        5:   35:            return i;
        5:   35-block  0
        -:   36:        }
        -:   37:    }
       14:   38:    return -1;
       14:   38-block  0
        -:   39:}
